Unity Editor version:    2020.3.19f1 (68f137dc9bbe)
Branch:                  2020.3/staging
Build type:              Release
Batch mode:              YES
System name:             Linux
Distro version:          #1 SMP PREEMPT Thu Oct 7 06:43:34 UTC 2021
Kernel version:          5.14.10-1-MANJARO
Architecture:            x86_64
Available memory:        7869 MB
Using pre-set license
Pro License: NO
Desktop is 1920 x 1080 @ 60 Hz

COMMAND LINE ARGUMENTS:
Unity
-adb2
-batchMode
-noUpm
-name
AssetImportWorker0
-projectPath
/home/francinesevilla/Documentos/GitHub/John-Adventure
-logFile
Logs/AssetImportWorker0.log
-srvPort
33331
Successfully changed project path to: /home/francinesevilla/Documentos/GitHub/John-Adventure
/home/francinesevilla/Documentos/GitHub/John-Adventure
Using Asset Import Pipeline V2.
Refreshing native plugins compatible for Editor in 115,10 ms, found 0 plugins.
Preloading 0 native plugins for Editor in 0,00 ms.
Initialize engine version: 2020.3.19f1 (68f137dc9bbe)
[Subsystems] Discovering subsystems at path /home/francinesevilla/Unity/Hub/Editor/2020.3.19f1/Editor/Data/Resources/UnitySubsystems
[Subsystems] Discovering subsystems at path /home/francinesevilla/Documentos/GitHub/John-Adventure/Assets
GLX Extensions: GLX_ARB_create_context GLX_ARB_create_context_no_error GLX_ARB_create_context_profile GLX_ARB_create_context_robustness GLX_ARB_fbconfig_float GLX_ARB_framebuffer_sRGB GLX_ARB_get_proc_address GLX_ARB_multisample GLX_EXT_buffer_age GLX_EXT_create_context_es2_profile GLX_EXT_create_context_es_profile GLX_EXT_fbconfig_packed_float GLX_EXT_framebuffer_sRGB GLX_EXT_import_context GLX_EXT_no_config_context GLX_EXT_swap_control GLX_EXT_swap_control_tear GLX_EXT_texture_from_pixmap GLX_EXT_visual_info GLX_EXT_visual_rating GLX_INTEL_swap_event GLX_MESA_copy_sub_buffer GLX_MESA_query_renderer GLX_MESA_swap_control GLX_OML_swap_method GLX_OML_sync_control GLX_SGIS_multisample GLX_SGIX_fbconfig GLX_SGIX_pbuffer GLX_SGIX_visual_select_group GLX_SGI_make_current_read GLX_SGI_swap_control GLX_SGI_video_sync 
Renderer: Mesa DRI Intel(R) HD Graphics 4400 (HSW GT2)
Vendor:   Intel Open Source Technology Center
Version:  4.5 (Core Profile) Mesa 21.2.3
GLES:     0
 GL_3DFX_texture_compression_FXT1 GL_AMD_conservative_depth GL_AMD_draw_buffers_blend GL_AMD_multi_draw_indirect GL_AMD_query_buffer_object GL_AMD_seamless_cubemap_per_texture GL_AMD_shader_trinary_minmax GL_AMD_texture_texture4 GL_AMD_vertex_shader_layer GL_AMD_vertex_shader_viewport_index GL_ANGLE_texture_compression_dxt3 GL_ANGLE_texture_compression_dxt5 GL_APPLE_object_purgeable GL_ARB_ES2_compatibility GL_ARB_ES3_1_compatibility GL_ARB_ES3_compatibility GL_ARB_arrays_of_arrays GL_ARB_base_instance GL_ARB_blend_func_extended GL_ARB_buffer_storage GL_ARB_clear_buffer_object GL_ARB_clear_texture GL_ARB_clip_control GL_ARB_compressed_texture_pixel_storage GL_ARB_compute_shader GL_ARB_compute_variable_group_size GL_ARB_conditional_render_inverted GL_ARB_conservative_depth GL_ARB_copy_buffer GL_ARB_copy_image GL_ARB_cull_distance GL_ARB_debug_output GL_ARB_depth_buffer_float GL_ARB_depth_clamp GL_ARB_derivative_control GL_ARB_direct_state_access GL_ARB_draw_buffers GL_ARB_draw_buffers_blend GL_ARB_draw_elemen
ts_base_vertex GL_ARB_draw_indirect GL_ARB_draw_instanced GL_ARB_enhanced_layouts GL_ARB_explicit_attrib_location GL_ARB_explicit_uniform_location GL_ARB_fragment_coord_conventions GL_ARB_fragment_layer_viewport GL_ARB_fragment_shader GL_ARB_framebuffer_no_attachments GL_ARB_framebuffer_object GL_ARB_framebuffer_sRGB GL_ARB_get_program_binary GL_ARB_get_texture_sub_image GL_ARB_gl_spirv GL_ARB_gpu_shader5 GL_ARB_gpu_shader_fp64 GL_ARB_half_float_pixel GL_ARB_half_float_vertex GL_ARB_indirect_parameters GL_ARB_instanced_arrays GL_ARB_internalformat_query GL_ARB_internalformat_query2 GL_ARB_invalidate_subdata GL_ARB_map_buffer_alignment GL_ARB_map_buffer_range GL_ARB_multi_bind GL_ARB_multi_draw_indirect GL_ARB_occlusion_query2 GL_ARB_parallel_shader_compile GL_ARB_pipeline_statistics_query GL_ARB_pixel_buffer_object GL_ARB_point_sprite GL_ARB_polygon_offset_clamp GL_ARB_program_interface_query GL_ARB_provoking_vertex GL_ARB_query_buffer_object GL_ARB_robust_buffer_access_behavior GL_ARB_robustness GL_ARB_samp
le_shading GL_ARB_sampler_objects GL_ARB_seamless_cube_map GL_ARB_seamless_cubemap_per_texture GL_ARB_separate_shader_objects GL_ARB_shader_atomic_counter_ops GL_ARB_shader_atomic_counters GL_ARB_shader_bit_encoding GL_ARB_shader_clock GL_ARB_shader_draw_parameters GL_ARB_shader_group_vote GL_ARB_shader_image_load_store GL_ARB_shader_image_size GL_ARB_shader_objects GL_ARB_shader_precision GL_ARB_shader_storage_buffer_object GL_ARB_shader_subroutine GL_ARB_shader_texture_image_samples GL_ARB_shader_texture_lod GL_ARB_shader_viewport_layer_array GL_ARB_shading_language_420pack GL_ARB_shading_language_include GL_ARB_shading_language_packing GL_ARB_spirv_extensions GL_ARB_stencil_texturing GL_ARB_sync GL_ARB_tessellation_shader GL_ARB_texture_barrier GL_ARB_texture_buffer_object GL_ARB_texture_buffer_object_rgb32 GL_ARB_texture_buffer_range GL_ARB_texture_compression_bptc GL_ARB_texture_compression_rgtc GL_ARB_texture_cube_map_array GL_ARB_texture_filter_anisotropic GL_ARB_texture_float GL_ARB_texture_gather GL
_ARB_texture_mirror_clamp_to_edge GL_ARB_texture_multisample GL_ARB_texture_non_power_of_two GL_ARB_texture_query_levels GL_ARB_texture_query_lod GL_ARB_texture_rectangle GL_ARB_texture_rg GL_ARB_texture_rgb10_a2ui GL_ARB_texture_stencil8 GL_ARB_texture_storage GL_ARB_texture_storage_multisample GL_ARB_texture_swizzle GL_ARB_texture_view GL_ARB_timer_query GL_ARB_transform_feedback2 GL_ARB_transform_feedback3 GL_ARB_transform_feedback_instanced GL_ARB_transform_feedback_overflow_query GL_ARB_uniform_buffer_object GL_ARB_vertex_array_bgra GL_ARB_vertex_array_object GL_ARB_vertex_attrib_64bit GL_ARB_vertex_attrib_binding GL_ARB_vertex_buffer_object GL_ARB_vertex_shader GL_ARB_vertex_type_10f_11f_11f_rev GL_ARB_vertex_type_2_10_10_10_rev GL_ARB_viewport_array GL_ATI_blend_equation_separate GL_ATI_texture_float GL_EXT_EGL_image_storage GL_EXT_EGL_sync GL_EXT_abgr GL_EXT_blend_equation_separate GL_EXT_demote_to_helper_invocation GL_EXT_draw_buffers2 GL_EXT_draw_instanced GL_EXT_framebuffer_blit GL_EXT_framebuffer
_multisample GL_EXT_framebuffer_multisample_blit_scaled GL_EXT_framebuffer_object GL_EXT_framebuffer_sRGB GL_EXT_memory_object GL_EXT_memory_object_fd GL_EXT_packed_depth_stencil GL_EXT_packed_float GL_EXT_pixel_buffer_object GL_EXT_polygon_offset_clamp GL_EXT_provoking_vertex GL_EXT_semaphore GL_EXT_semaphore_fd GL_EXT_shader_framebuffer_fetch_non_coherent GL_EXT_shader_integer_mix GL_EXT_shader_samples_identical GL_EXT_texture_array GL_EXT_texture_compression_dxt1 GL_EXT_texture_compression_rgtc GL_EXT_texture_compression_s3tc GL_EXT_texture_filter_anisotropic GL_EXT_texture_integer GL_EXT_texture_sRGB GL_EXT_texture_sRGB_R8 GL_EXT_texture_sRGB_decode GL_EXT_texture_shadow_lod GL_EXT_texture_shared_exponent GL_EXT_texture_snorm GL_EXT_texture_swizzle GL_EXT_timer_query GL_EXT_transform_feedback GL_EXT_vertex_array_bgra GL_EXT_vertex_attrib_64bit GL_IBM_multimode_draw_arrays GL_INTEL_blackhole_render GL_INTEL_performance_query GL_KHR_blend_equation_advanced GL_KHR_context_flush_control GL_KHR_debug GL_KHR_n
o_error GL_KHR_parallel_shader_compile GL_KHR_robust_buffer_access_behavior GL_KHR_robustness GL_MESA_framebuffer_flip_y GL_MESA_pack_invert GL_MESA_shader_integer_functions GL_MESA_texture_signed_rgba GL_NV_compute_shader_derivatives GL_NV_conditional_render GL_NV_depth_clamp GL_NV_packed_depth_stencil GL_NV_texture_barrier GL_OES_EGL_image GL_S3_s3tc
OPENGL LOG: Creating OpenGL 4.5 graphics device ; Context level  <OpenGL 4.5> ; Context handle 2002324272
Initialize mono
Mono path[0] = '/home/francinesevilla/Unity/Hub/Editor/2020.3.19f1/Editor/Data/Managed'
Mono path[1] = '/home/francinesevilla/Unity/Hub/Editor/2020.3.19f1/Editor/Data/MonoBleedingEdge/lib/mono/unityjit'
Mono config path = '/home/francinesevilla/Unity/Hub/Editor/2020.3.19f1/Editor/Data/MonoBleedingEdge/etc'
Using monoOptions --debugger-agent=transport=dt_socket,embedding=1,server=y,suspend=n,address=127.0.0.1:56664
Begin MonoManager ReloadAssembly
Registering precompiled unity dll's ...
Register platform support module: /home/francinesevilla/Unity/Hub/Editor/2020.3.19f1/Editor/Data/PlaybackEngines/WebGLSupport/UnityEditor.WebGL.Extensions.dll
Register platform support module: /home/francinesevilla/Unity/Hub/Editor/2020.3.19f1/Editor/Data/PlaybackEngines/MacStandaloneSupport/UnityEditor.OSXStandalone.Extensions.dll
Register platform support module: /home/francinesevilla/Unity/Hub/Editor/2020.3.19f1/Editor/Data/PlaybackEngines/WindowsStandaloneSupport/UnityEditor.WindowsStandalone.Extensions.dll
Register platform support module: /home/francinesevilla/Unity/Hub/Editor/2020.3.19f1/Editor/Data/PlaybackEngines/LinuxStandaloneSupport/UnityEditor.LinuxStandalone.Extensions.dll
Registered in 0,004377 seconds.
Native extension for LinuxStandalone target not found
Native extension for WindowsStandalone target not found
Native extension for OSXStandalone target not found
Native extension for WebGL target not found
Refreshing native plugins compatible for Editor in 90,18 ms, found 0 plugins.
Preloading 0 native plugins for Editor in 0,00 ms.
Mono: successfully reloaded assembly
- Completed reload, in  3,511 seconds
Domain Reload Profiling:
	ReloadAssembly (3512ms)
		BeginReloadAssembly (129ms)
			ExecutionOrderSort (0ms)
			DisableScriptedObjects (0ms)
			BackupInstance (0ms)
			ReleaseScriptingObjects (0ms)
			CreateAndSetChildDomain (3ms)
		EndReloadAssembly (1056ms)
			LoadAssemblies (124ms)
			RebuildTransferFunctionScriptingTraits (0ms)
			SetupTypeCache (385ms)
			ReleaseScriptCaches (0ms)
			RebuildScriptCaches (83ms)
			SetupLoadedEditorAssemblies (460ms)
				LogAssemblyErrors (0ms)
				InitializePlatformSupportModulesInManaged (15ms)
				SetLoadedEditorAssemblies (1ms)
				RefreshPlugins (90ms)
				BeforeProcessingInitializeOnLoad (16ms)
				ProcessInitializeOnLoadAttributes (239ms)
				ProcessInitializeOnLoadMethodAttributes (98ms)
				AfterProcessingInitializeOnLoad (0ms)
				EditorAssembliesLoaded (0ms)
			ExecutionOrderSort2 (0ms)
			AwakeInstancesAfterBackupRestoration (0ms)
Platform modules already initialized, skipping
Registering precompiled user dll's ...
Registered in 0,004526 seconds.
Begin MonoManager ReloadAssembly
Native extension for LinuxStandalone target not found
Native extension for WindowsStandalone target not found
Native extension for OSXStandalone target not found
Native extension for WebGL target not found
Refreshing native plugins compatible for Editor in 0,85 ms, found 0 plugins.
Preloading 0 native plugins for Editor in 0,00 ms.
Mono: successfully reloaded assembly
- Completed reload, in  2,404 seconds
Domain Reload Profiling:
	ReloadAssembly (2405ms)
		BeginReloadAssembly (284ms)
			ExecutionOrderSort (0ms)
			DisableScriptedObjects (11ms)
			BackupInstance (0ms)
			ReleaseScriptingObjects (0ms)
			CreateAndSetChildDomain (41ms)
		EndReloadAssembly (1961ms)
			LoadAssemblies (166ms)
			RebuildTransferFunctionScriptingTraits (0ms)
			SetupTypeCache (640ms)
			ReleaseScriptCaches (1ms)
			RebuildScriptCaches (102ms)
			SetupLoadedEditorAssemblies (776ms)
				LogAssemblyErrors (0ms)
				InitializePlatformSupportModulesInManaged (36ms)
				SetLoadedEditorAssemblies (1ms)
				RefreshPlugins (1ms)
				BeforeProcessingInitializeOnLoad (126ms)
				ProcessInitializeOnLoadAttributes (591ms)
				ProcessInitializeOnLoadMethodAttributes (9ms)
				AfterProcessingInitializeOnLoad (10ms)
				EditorAssembliesLoaded (0ms)
			ExecutionOrderSort2 (0ms)
			AwakeInstancesAfterBackupRestoration (16ms)
Platform modules already initialized, skipping
========================================================================
Worker process is ready to serve import requests
Launched and connected shader compiler UnityShaderCompiler after 0.01 seconds
Refreshing native plugins compatible for Editor in 0,74 ms, found 0 plugins.
Preloading 0 native plugins for Editor in 0,00 ms.
Unloading 1582 Unused Serialized files (Serialized files now loaded: 0)
System memory in use before: 93,9 MB.
System memory in use after: 84,0 MB.

Unloading 86 unused Assets to reduce memory usage. Loaded Objects now: 1955.
Total: 37,485580 ms (FindLiveObjects: 0,379493 ms CreateObjectMapping: 0,132744 ms MarkObjects: 10,616815 ms  DeleteObjects: 26,354203 ms)

AssetImportParameters requested are different than current active one (requested -> active):
  custom:video-decoder-ogg-theora: a1e56fd34408186e4bbccfd4996cb3dc -> 
  custom:container-muxer-webm: aa71ff27fc2769a1b78a27578f13a17b -> 
  custom:container-demuxer-webm: 4f35f7cbe854078d1ac9338744f61a02 -> 
  custom:container-demuxer-ogg: 62fdf1f143b41e24485cea50d1cbac27 -> 
  custom:video-encoder-webm-vp8: eb34c28f22e8b96e1ab97ce403110664 -> 
  custom:video-decoder-webm-vp8: 9c59270c3fd7afecdb556c50c9e8de78 -> 
  custom:audio-decoder-ogg-vorbis: bf7c407c2cedff20999df2af8eb42d56 -> 
  custom:audio-encoder-webm-vorbis: bf7c407c2cedff20999df2af8eb42d56 -> 
========================================================================
Received Import Request.
  path: Assets/FreeMountain/Skybox
  artifactKey: Guid(fa548e7cac28abf4495e909965a7fb52) Importer(815301076,1909f56bfc062723c751e8b465ee728b)
Start importing Assets/FreeMountain/Skybox using Guid(fa548e7cac28abf4495e909965a7fb52) Importer(815301076,1909f56bfc062723c751e8b465ee728b)  -> (artifact id: 'dd4b59e6c47d434b01db54342690d376') in 0,007706 seconds 
  Import took 0,015231 seconds .

========================================================================
Received Import Request.
  Time since last request: 20,523714 seconds.
  path: Assets/Low Poly Assets/Low Poly Rocks
  artifactKey: Guid(328a281395f9a2f1b840b18797fa2f47) Importer(815301076,1909f56bfc062723c751e8b465ee728b)
Start importing Assets/Low Poly Assets/Low Poly Rocks using Guid(328a281395f9a2f1b840b18797fa2f47) Importer(815301076,1909f56bfc062723c751e8b465ee728b)  -> (artifact id: '65ddce889f333c8cb549ba16344f040d') in 0,001763 seconds 
  Import took 0,007422 seconds .

========================================================================
Received Import Request.
  Time since last request: 0,105365 seconds.
  path: Assets/Low Poly Assets/Low Poly Rocks/Plane Material.mat
  artifactKey: Guid(ac4a1fc77c8eaf246b28ea4615c1ea72) Importer(815301076,1909f56bfc062723c751e8b465ee728b)
Start importing Assets/Low Poly Assets/Low Poly Rocks/Plane Material.mat using Guid(ac4a1fc77c8eaf246b28ea4615c1ea72) Importer(815301076,1909f56bfc062723c751e8b465ee728b)  -> (artifact id: 'a2eb267b9b1119eed7e858e1051b2e4c') in 0,171033 seconds 
  Import took 0,176506 seconds .

========================================================================
Received Import Request.
  Time since last request: 57,301525 seconds.
  path: Assets/Lowpoly Nature & Village Pack/PreMade Materials/BuildingFoundation.mat
  artifactKey: Guid(385ae648e3ae00441a2ecebac972b8d9) Importer(815301076,1909f56bfc062723c751e8b465ee728b)
Start importing Assets/Lowpoly Nature & Village Pack/PreMade Materials/BuildingFoundation.mat using Guid(385ae648e3ae00441a2ecebac972b8d9) Importer(815301076,1909f56bfc062723c751e8b465ee728b)  -> (artifact id: 'd2497ad54847e27d013ed95895c9d4ec') in 0,014765 seconds 
  Import took 0,020141 seconds .

========================================================================
Received Import Request.
  Time since last request: 0,000301 seconds.
  path: Assets/Lowpoly Nature & Village Pack/PreMade Materials/Grass.mat
  artifactKey: Guid(59440e0326d3ab743badbf16e9ef5b0b) Importer(815301076,1909f56bfc062723c751e8b465ee728b)
Start importing Assets/Lowpoly Nature & Village Pack/PreMade Materials/Grass.mat using Guid(59440e0326d3ab743badbf16e9ef5b0b) Importer(815301076,1909f56bfc062723c751e8b465ee728b)  -> (artifact id: 'e69cefc9a4119b69b824252cdd011e09') in 0,033206 seconds 
  Import took 0,039634 seconds .

========================================================================
Received Import Request.
  Time since last request: 0,000325 seconds.
  path: Assets/Lowpoly Nature & Village Pack/PreMade Materials/Rocks.mat
  artifactKey: Guid(090e8c49b44eccc48adac4e1f4a8e81a) Importer(815301076,1909f56bfc062723c751e8b465ee728b)
Start importing Assets/Lowpoly Nature & Village Pack/PreMade Materials/Rocks.mat using Guid(090e8c49b44eccc48adac4e1f4a8e81a) Importer(815301076,1909f56bfc062723c751e8b465ee728b)  -> (artifact id: 'd204c7f5c2e7b73efe09db175a16f201') in 0,018741 seconds 
  Import took 0,027342 seconds .

========================================================================
Received Import Request.
  Time since last request: 0,000359 seconds.
  path: Assets/Lowpoly Nature & Village Pack/PreMade Materials/Tree Colour1.mat
  artifactKey: Guid(3657c390226272c49bdae0507bd6d933) Importer(815301076,1909f56bfc062723c751e8b465ee728b)
Start importing Assets/Lowpoly Nature & Village Pack/PreMade Materials/Tree Colour1.mat using Guid(3657c390226272c49bdae0507bd6d933) Importer(815301076,1909f56bfc062723c751e8b465ee728b)  -> (artifact id: '8d390a67319e23817fb44a67786c30a8') in 0,016681 seconds 
  Import took 0,022226 seconds .

========================================================================
Received Import Request.
  Time since last request: 0,000310 seconds.
  path: Assets/Lowpoly Nature & Village Pack/PreMade Materials/TreeWood.mat
  artifactKey: Guid(ea9b07f4ceb9f2c438bbf5858330e2d6) Importer(815301076,1909f56bfc062723c751e8b465ee728b)
Start importing Assets/Lowpoly Nature & Village Pack/PreMade Materials/TreeWood.mat using Guid(ea9b07f4ceb9f2c438bbf5858330e2d6) Importer(815301076,1909f56bfc062723c751e8b465ee728b)  -> (artifact id: '231112732b84db0070171b348a35f6e0') in 0,012400 seconds 
  Import took 0,019008 seconds .

========================================================================
Received Import Request.
  Time since last request: 0,000235 seconds.
  path: Assets/Lowpoly Nature & Village Pack/PreMade Materials/Sand.mat
  artifactKey: Guid(1d72c5d072c4bd64fae56ee6dd57bfd9) Importer(815301076,1909f56bfc062723c751e8b465ee728b)
Start importing Assets/Lowpoly Nature & Village Pack/PreMade Materials/Sand.mat using Guid(1d72c5d072c4bd64fae56ee6dd57bfd9) Importer(815301076,1909f56bfc062723c751e8b465ee728b)  -> (artifact id: 'ed354e3f6add3ab8cb63f7f8e960ef84') in 0,013365 seconds 
  Import took 0,019922 seconds .

========================================================================
Received Import Request.
  Time since last request: 0,000272 seconds.
  path: Assets/Lowpoly Nature & Village Pack/PreMade Materials/Ground.mat
  artifactKey: Guid(cc6160ba2affc9c4a9d757ec9c192956) Importer(815301076,1909f56bfc062723c751e8b465ee728b)
Start importing Assets/Lowpoly Nature & Village Pack/PreMade Materials/Ground.mat using Guid(cc6160ba2affc9c4a9d757ec9c192956) Importer(815301076,1909f56bfc062723c751e8b465ee728b)  -> (artifact id: '65e78f5e57b1a60706a6ce67bceb1d87') in 0,018885 seconds 
  Import took 0,026449 seconds .

========================================================================
Received Import Request.
  Time since last request: 0,000333 seconds.
  path: Assets/Lowpoly Nature & Village Pack/PreMade Materials/Fence.mat
  artifactKey: Guid(5a697b22a566b274d9fc9ead5d089cae) Importer(815301076,1909f56bfc062723c751e8b465ee728b)
Start importing Assets/Lowpoly Nature & Village Pack/PreMade Materials/Fence.mat using Guid(5a697b22a566b274d9fc9ead5d089cae) Importer(815301076,1909f56bfc062723c751e8b465ee728b)  -> (artifact id: '640437887ec4c5f39c98f0dab8111326') in 0,014252 seconds 
  Import took 0,024887 seconds .

========================================================================
Received Import Request.
  Time since last request: 0,000330 seconds.
  path: Assets/Lowpoly Nature & Village Pack/PreMade Materials/Potato.mat
  artifactKey: Guid(663bdcfe0b0527c4ba7c201d1abc9359) Importer(815301076,1909f56bfc062723c751e8b465ee728b)
Start importing Assets/Lowpoly Nature & Village Pack/PreMade Materials/Potato.mat using Guid(663bdcfe0b0527c4ba7c201d1abc9359) Importer(815301076,1909f56bfc062723c751e8b465ee728b)  -> (artifact id: '2ede045eff7fb0a4c74109d9de9ec382') in 0,015592 seconds 
  Import took 0,021323 seconds .

========================================================================
Received Import Request.
  Time since last request: 0,000298 seconds.
  path: Assets/Lowpoly Nature & Village Pack/PreMade Materials/FlowerStem.mat
  artifactKey: Guid(e8ea97cbdc9973145b9536588e1f115a) Importer(815301076,1909f56bfc062723c751e8b465ee728b)
Start importing Assets/Lowpoly Nature & Village Pack/PreMade Materials/FlowerStem.mat using Guid(e8ea97cbdc9973145b9536588e1f115a) Importer(815301076,1909f56bfc062723c751e8b465ee728b)  -> (artifact id: '5855c2bda136221fca23f7041abb1ac7') in 0,017239 seconds 
  Import took 0,026259 seconds .

========================================================================
Received Import Request.
  Time since last request: 0,000268 seconds.
  path: Assets/Lowpoly Nature & Village Pack/PreMade Materials/BuildingWalls.mat
  artifactKey: Guid(9769c5a560242c04f80065c084dbbfdc) Importer(815301076,1909f56bfc062723c751e8b465ee728b)
Start importing Assets/Lowpoly Nature & Village Pack/PreMade Materials/BuildingWalls.mat using Guid(9769c5a560242c04f80065c084dbbfdc) Importer(815301076,1909f56bfc062723c751e8b465ee728b)  -> (artifact id: '63cf64ca8e3528699ff5ce348dae294a') in 0,018693 seconds 
  Import took 0,025114 seconds .

========================================================================
Received Import Request.
  Time since last request: 0,000256 seconds.
  path: Assets/Lowpoly Nature & Village Pack/PreMade Materials/Dirt.mat
  artifactKey: Guid(e8275af2bf960684abfa3fcbbeeb2351) Importer(815301076,1909f56bfc062723c751e8b465ee728b)
Start importing Assets/Lowpoly Nature & Village Pack/PreMade Materials/Dirt.mat using Guid(e8275af2bf960684abfa3fcbbeeb2351) Importer(815301076,1909f56bfc062723c751e8b465ee728b)  -> (artifact id: '92786289f3bb6a2c49c04dbca7bca818') in 0,014654 seconds 
  Import took 0,022373 seconds .

========================================================================
Received Import Request.
  Time since last request: 0,000322 seconds.
  path: Assets/Lowpoly Nature & Village Pack/PreMade Materials/BushBerries.mat
  artifactKey: Guid(5be1cb7725ffad344a2248c6586661a0) Importer(815301076,1909f56bfc062723c751e8b465ee728b)
Start importing Assets/Lowpoly Nature & Village Pack/PreMade Materials/BushBerries.mat using Guid(5be1cb7725ffad344a2248c6586661a0) Importer(815301076,1909f56bfc062723c751e8b465ee728b)  -> (artifact id: 'da09d81b61a090f5f16c1cf9239cc2af') in 0,018488 seconds 
  Import took 0,025909 seconds .

========================================================================
Received Import Request.
  Time since last request: 0,000602 seconds.
  path: Assets/Lowpoly Nature & Village Pack/PreMade Materials/Path.mat
  artifactKey: Guid(f78dee2d05e22e44db8f6f9b67b4d227) Importer(815301076,1909f56bfc062723c751e8b465ee728b)
Start importing Assets/Lowpoly Nature & Village Pack/PreMade Materials/Path.mat using Guid(f78dee2d05e22e44db8f6f9b67b4d227) Importer(815301076,1909f56bfc062723c751e8b465ee728b)  -> (artifact id: 'e8bfa619f1ebc217422fa3524e5cd57d') in 0,019563 seconds 
  Import took 0,026315 seconds .

========================================================================
Received Import Request.
  Time since last request: 0,000254 seconds.
  path: Assets/Lowpoly Nature & Village Pack/PreMade Materials/Tree Colour2.mat
  artifactKey: Guid(646fd1fc6aa8a85428d3800d2d7fae2d) Importer(815301076,1909f56bfc062723c751e8b465ee728b)
Start importing Assets/Lowpoly Nature & Village Pack/PreMade Materials/Tree Colour2.mat using Guid(646fd1fc6aa8a85428d3800d2d7fae2d) Importer(815301076,1909f56bfc062723c751e8b465ee728b)  -> (artifact id: '060d1c02da912846df88dd90d5093e8f') in 0,017480 seconds 
  Import took 0,023710 seconds .

========================================================================
Received Import Request.
  Time since last request: 0,000355 seconds.
  path: Assets/Lowpoly Nature & Village Pack/PreMade Materials/BuildingRoof.mat
  artifactKey: Guid(32fea8291906cab4ab74fc54d48311cf) Importer(815301076,1909f56bfc062723c751e8b465ee728b)
Start importing Assets/Lowpoly Nature & Village Pack/PreMade Materials/BuildingRoof.mat using Guid(32fea8291906cab4ab74fc54d48311cf) Importer(815301076,1909f56bfc062723c751e8b465ee728b)  -> (artifact id: '4a3a855ad8b93d5f8189a4aa7aa88d33') in 0,014261 seconds 
  Import took 0,025256 seconds .

========================================================================
Received Import Request.
  Time since last request: 0,000606 seconds.
  path: Assets/Lowpoly Nature & Village Pack/PreMade Materials/BuildingRocks.mat
  artifactKey: Guid(1ba670f619965c6489145f745bf0678c) Importer(815301076,1909f56bfc062723c751e8b465ee728b)
Start importing Assets/Lowpoly Nature & Village Pack/PreMade Materials/BuildingRocks.mat using Guid(1ba670f619965c6489145f745bf0678c) Importer(815301076,1909f56bfc062723c751e8b465ee728b)  -> (artifact id: '11714a4e7a8ad248d64a40110ba29491') in 0,017867 seconds 
  Import took 0,027262 seconds .

========================================================================
Received Import Request.
  Time since last request: 0,001029 seconds.
  path: Assets/Lowpoly Nature & Village Pack/PreMade Materials/BuildingWindow.mat
  artifactKey: Guid(ef6045663ed3a5a48b2a4e3a899212e3) Importer(815301076,1909f56bfc062723c751e8b465ee728b)
Start importing Assets/Lowpoly Nature & Village Pack/PreMade Materials/BuildingWindow.mat using Guid(ef6045663ed3a5a48b2a4e3a899212e3) Importer(815301076,1909f56bfc062723c751e8b465ee728b)  -> (artifact id: 'c9b30622e5630bdec9a1be6c5888b66f') in 0,016227 seconds 
  Import took 0,024414 seconds .

========================================================================
Received Import Request.
  Time since last request: 0,000523 seconds.
  path: Assets/Lowpoly Nature & Village Pack/PreMade Materials/Water.mat
  artifactKey: Guid(48bfe4b6b4a8f714dbb2075ab4b71bd6) Importer(815301076,1909f56bfc062723c751e8b465ee728b)
Start importing Assets/Lowpoly Nature & Village Pack/PreMade Materials/Water.mat using Guid(48bfe4b6b4a8f714dbb2075ab4b71bd6) Importer(815301076,1909f56bfc062723c751e8b465ee728b)  -> (artifact id: 'b8b4e1996b15c56fad78148bcbb9e667') in 0,016443 seconds 
  Import took 0,024210 seconds .

========================================================================
Received Import Request.
  Time since last request: 0,000286 seconds.
  path: Assets/Lowpoly Nature & Village Pack/PreMade Materials/flower root.mat
  artifactKey: Guid(6d5c475fe15564a499284e73426aac81) Importer(815301076,1909f56bfc062723c751e8b465ee728b)
Start importing Assets/Lowpoly Nature & Village Pack/PreMade Materials/flower root.mat using Guid(6d5c475fe15564a499284e73426aac81) Importer(815301076,1909f56bfc062723c751e8b465ee728b)  -> (artifact id: '374dccd75c8dbba2c877d07b0630ea35') in 0,022732 seconds 
  Import took 0,029446 seconds .

========================================================================
Received Import Request.
  Time since last request: 0,000297 seconds.
  path: Assets/Lowpoly Nature & Village Pack/PreMade Materials/BuildingWood.mat
  artifactKey: Guid(b050f9bf27df7a6478e3abd3070b59f6) Importer(815301076,1909f56bfc062723c751e8b465ee728b)
Start importing Assets/Lowpoly Nature & Village Pack/PreMade Materials/BuildingWood.mat using Guid(b050f9bf27df7a6478e3abd3070b59f6) Importer(815301076,1909f56bfc062723c751e8b465ee728b)  -> (artifact id: '55aab8db7ef913d13f05192cb4f1db64') in 0,014007 seconds 
  Import took 0,023225 seconds .

========================================================================
Received Import Request.
  Time since last request: 0,000301 seconds.
  path: Assets/Lowpoly Nature & Village Pack/PreMade Materials/Carrot.mat
  artifactKey: Guid(89da40298c3f4fd46933b23e39c7d0ac) Importer(815301076,1909f56bfc062723c751e8b465ee728b)
Start importing Assets/Lowpoly Nature & Village Pack/PreMade Materials/Carrot.mat using Guid(89da40298c3f4fd46933b23e39c7d0ac) Importer(815301076,1909f56bfc062723c751e8b465ee728b)  -> (artifact id: 'b0c55af8285aa3486a087c40fb6c363f') in 0,018162 seconds 
  Import took 0,025241 seconds .

========================================================================
Received Import Request.
  Time since last request: 0,000393 seconds.
  path: Assets/Lowpoly Nature & Village Pack/PreMade Materials/flower pedals.mat
  artifactKey: Guid(1a2f5128edcd60d4ba6dc8b7bf859bca) Importer(815301076,1909f56bfc062723c751e8b465ee728b)
Start importing Assets/Lowpoly Nature & Village Pack/PreMade Materials/flower pedals.mat using Guid(1a2f5128edcd60d4ba6dc8b7bf859bca) Importer(815301076,1909f56bfc062723c751e8b465ee728b)  -> (artifact id: 'de0ee92cef71c83da464afdf70dd6651') in 0,014622 seconds 
  Import took 0,023103 seconds .

========================================================================
Received Import Request.
  Time since last request: 11,950267 seconds.
  path: Assets/LowPoly Rocks/FBX/RocksMaterial.mat
  artifactKey: Guid(d2fd4d71edd84d847abfac1d74b92941) Importer(815301076,1909f56bfc062723c751e8b465ee728b)
Start importing Assets/LowPoly Rocks/FBX/RocksMaterial.mat using Guid(d2fd4d71edd84d847abfac1d74b92941) Importer(815301076,1909f56bfc062723c751e8b465ee728b)  -> (artifact id: 'da8f80fdf7023a95f225674ee9617b25') in 0,012901 seconds 
  Import took 0,018614 seconds .

========================================================================
Received Import Request.
  Time since last request: 40,096032 seconds.
  path: Assets/Decoraciones
  artifactKey: Guid(bc73286fc82ecccd29dcbd1bb7ffe11f) Importer(815301076,1909f56bfc062723c751e8b465ee728b)
Start importing Assets/Decoraciones using Guid(bc73286fc82ecccd29dcbd1bb7ffe11f) Importer(815301076,1909f56bfc062723c751e8b465ee728b)  -> (artifact id: 'ba371a27ca7aba13a6264dfa519f9155') in 0,002381 seconds 
  Import took 0,008449 seconds .

========================================================================
Received Import Request.
  Time since last request: 37,298750 seconds.
  path: Assets/decoraciones
  artifactKey: Guid(bc73286fc82ecccd29dcbd1bb7ffe11f) Importer(815301076,1909f56bfc062723c751e8b465ee728b)
Start importing Assets/decoraciones using Guid(bc73286fc82ecccd29dcbd1bb7ffe11f) Importer(815301076,1909f56bfc062723c751e8b465ee728b)  -> (artifact id: 'dc521b209ea14eb3f0672a578f1b2ee7') in 0,001926 seconds 
  Import took 0,007955 seconds .

========================================================================
Received Import Request.
  Time since last request: 253,308141 seconds.
  path: Assets/enemigos
  artifactKey: Guid(0ce94c2609c6a6390bfce9a8d9e8b825) Importer(815301076,1909f56bfc062723c751e8b465ee728b)
Start importing Assets/enemigos using Guid(0ce94c2609c6a6390bfce9a8d9e8b825) Importer(815301076,1909f56bfc062723c751e8b465ee728b)  -> (artifact id: 'faeb65fd0f01696d81f01a39d6097394') in 0,002128 seconds 
  Import took 0,009386 seconds .

========================================================================
Received Import Request.
  Time since last request: 3736,726152 seconds.
  path: Assets/videoplayback.ogg
  artifactKey: Guid(8778c82ebde74d595bd6c6602bd36843) Importer(815301076,1909f56bfc062723c751e8b465ee728b)
Start importing Assets/videoplayback.ogg using Guid(8778c82ebde74d595bd6c6602bd36843) Importer(815301076,1909f56bfc062723c751e8b465ee728b)  -> (artifact id: '9f85c8cc2d240137b2314e77c3850951') in 0,037934 seconds 
  Import took 0,048687 seconds .

========================================================================
Received Import Request.
  Time since last request: 15,665056 seconds.
  path: Assets/squid game.ogg
  artifactKey: Guid(8778c82ebde74d595bd6c6602bd36843) Importer(815301076,1909f56bfc062723c751e8b465ee728b)
Start importing Assets/squid game.ogg using Guid(8778c82ebde74d595bd6c6602bd36843) Importer(815301076,1909f56bfc062723c751e8b465ee728b)  -> (artifact id: 'ca61744f9f5eb85129328c1c59b844bc') in 0,021469 seconds 
  Import took 0,029418 seconds .

========================================================================
Received Prepare
Registering precompiled user dll's ...
Registered in 0,007131 seconds.
Begin MonoManager ReloadAssembly
Native extension for LinuxStandalone target not found
Native extension for WindowsStandalone target not found
Native extension for OSXStandalone target not found
Native extension for WebGL target not found
Refreshing native plugins compatible for Editor in 1,26 ms, found 0 plugins.
Preloading 0 native plugins for Editor in 0,00 ms.
Mono: successfully reloaded assembly
- Completed reload, in  2,639 seconds
Domain Reload Profiling:
	ReloadAssembly (2640ms)
		BeginReloadAssembly (243ms)
			ExecutionOrderSort (0ms)
			DisableScriptedObjects (10ms)
			BackupInstance (0ms)
			ReleaseScriptingObjects (0ms)
			CreateAndSetChildDomain (94ms)
		EndReloadAssembly (2191ms)
			LoadAssemblies (215ms)
			RebuildTransferFunctionScriptingTraits (0ms)
			SetupTypeCache (871ms)
			ReleaseScriptCaches (2ms)
			RebuildScriptCaches (112ms)
			SetupLoadedEditorAssemblies (694ms)
				LogAssemblyErrors (0ms)
				InitializePlatformSupportModulesInManaged (39ms)
				SetLoadedEditorAssemblies (1ms)
				RefreshPlugins (1ms)
				BeforeProcessingInitializeOnLoad (127ms)
				ProcessInitializeOnLoadAttributes (498ms)
				ProcessInitializeOnLoadMethodAttributes (10ms)
				AfterProcessingInitializeOnLoad (17ms)
				EditorAssembliesLoaded (1ms)
			ExecutionOrderSort2 (0ms)
			AwakeInstancesAfterBackupRestoration (20ms)
Platform modules already initialized, skipping
Refreshing native plugins compatible for Editor in 0,90 ms, found 0 plugins.
Preloading 0 native plugins for Editor in 0,00 ms.
Unloading 1534 Unused Serialized files (Serialized files now loaded: 0)
System memory in use before: 91,0 MB.
System memory in use after: 81,1 MB.

Unloading 81 unused Assets to reduce memory usage. Loaded Objects now: 1999.
Total: 30,072851 ms (FindLiveObjects: 0,374704 ms CreateObjectMapping: 0,187460 ms MarkObjects: 9,733767 ms  DeleteObjects: 19,774452 ms)

AssetImportParameters requested are different than current active one (requested -> active):
  custom:video-decoder-ogg-theora: a1e56fd34408186e4bbccfd4996cb3dc -> 
  custom:container-muxer-webm: aa71ff27fc2769a1b78a27578f13a17b -> 
  custom:container-demuxer-webm: 4f35f7cbe854078d1ac9338744f61a02 -> 
  custom:container-demuxer-ogg: 62fdf1f143b41e24485cea50d1cbac27 -> 
  custom:video-encoder-webm-vp8: eb34c28f22e8b96e1ab97ce403110664 -> 
  custom:video-decoder-webm-vp8: 9c59270c3fd7afecdb556c50c9e8de78 -> 
  custom:audio-decoder-ogg-vorbis: bf7c407c2cedff20999df2af8eb42d56 -> 
  custom:audio-encoder-webm-vorbis: bf7c407c2cedff20999df2af8eb42d56 -> 
========================================================================
Received Prepare
Registering precompiled user dll's ...
Registered in 0,006896 seconds.
Begin MonoManager ReloadAssembly
Native extension for LinuxStandalone target not found
Native extension for WindowsStandalone target not found
Native extension for OSXStandalone target not found
Native extension for WebGL target not found
Refreshing native plugins compatible for Editor in 0,70 ms, found 0 plugins.
Preloading 0 native plugins for Editor in 0,00 ms.
Mono: successfully reloaded assembly
- Completed reload, in  2,554 seconds
Domain Reload Profiling:
	ReloadAssembly (2555ms)
		BeginReloadAssembly (266ms)
			ExecutionOrderSort (0ms)
			DisableScriptedObjects (14ms)
			BackupInstance (0ms)
			ReleaseScriptingObjects (0ms)
			CreateAndSetChildDomain (111ms)
		EndReloadAssembly (2087ms)
			LoadAssemblies (224ms)
			RebuildTransferFunctionScriptingTraits (0ms)
			SetupTypeCache (688ms)
			ReleaseScriptCaches (1ms)
			RebuildScriptCaches (99ms)
			SetupLoadedEditorAssemblies (822ms)
				LogAssemblyErrors (0ms)
				InitializePlatformSupportModulesInManaged (37ms)
				SetLoadedEditorAssemblies (1ms)
				RefreshPlugins (1ms)
				BeforeProcessingInitializeOnLoad (105ms)
				ProcessInitializeOnLoadAttributes (642ms)
				ProcessInitializeOnLoadMethodAttributes (17ms)
				AfterProcessingInitializeOnLoad (18ms)
				EditorAssembliesLoaded (1ms)
			ExecutionOrderSort2 (0ms)
			AwakeInstancesAfterBackupRestoration (29ms)
Platform modules already initialized, skipping
Refreshing native plugins compatible for Editor in 0,69 ms, found 0 plugins.
Preloading 0 native plugins for Editor in 0,00 ms.
Unloading 1534 Unused Serialized files (Serialized files now loaded: 0)
System memory in use before: 91,0 MB.
System memory in use after: 81,1 MB.

Unloading 81 unused Assets to reduce memory usage. Loaded Objects now: 2001.
Total: 30,281268 ms (FindLiveObjects: 0,366331 ms CreateObjectMapping: 0,189800 ms MarkObjects: 9,518696 ms  DeleteObjects: 20,203427 ms)

AssetImportParameters requested are different than current active one (requested -> active):
  custom:video-decoder-ogg-theora: a1e56fd34408186e4bbccfd4996cb3dc -> 
  custom:container-muxer-webm: aa71ff27fc2769a1b78a27578f13a17b -> 
  custom:container-demuxer-webm: 4f35f7cbe854078d1ac9338744f61a02 -> 
  custom:container-demuxer-ogg: 62fdf1f143b41e24485cea50d1cbac27 -> 
  custom:video-encoder-webm-vp8: eb34c28f22e8b96e1ab97ce403110664 -> 
  custom:video-decoder-webm-vp8: 9c59270c3fd7afecdb556c50c9e8de78 -> 
  custom:audio-decoder-ogg-vorbis: bf7c407c2cedff20999df2af8eb42d56 -> 
  custom:audio-encoder-webm-vorbis: bf7c407c2cedff20999df2af8eb42d56 -> 
========================================================================
Received Prepare
Registering precompiled user dll's ...
Registered in 0,004571 seconds.
Begin MonoManager ReloadAssembly
Native extension for LinuxStandalone target not found
Native extension for WindowsStandalone target not found
Native extension for OSXStandalone target not found
Native extension for WebGL target not found
Refreshing native plugins compatible for Editor in 0,77 ms, found 0 plugins.
Preloading 0 native plugins for Editor in 0,00 ms.
Mono: successfully reloaded assembly
- Completed reload, in  2,199 seconds
Domain Reload Profiling:
	ReloadAssembly (2200ms)
		BeginReloadAssembly (173ms)
			ExecutionOrderSort (0ms)
			DisableScriptedObjects (11ms)
			BackupInstance (0ms)
			ReleaseScriptingObjects (0ms)
			CreateAndSetChildDomain (68ms)
		EndReloadAssembly (1869ms)
			LoadAssemblies (172ms)
			RebuildTransferFunctionScriptingTraits (0ms)
			SetupTypeCache (644ms)
			ReleaseScriptCaches (1ms)
			RebuildScriptCaches (94ms)
			SetupLoadedEditorAssemblies (690ms)
				LogAssemblyErrors (0ms)
				InitializePlatformSupportModulesInManaged (35ms)
				SetLoadedEditorAssemblies (1ms)
				RefreshPlugins (1ms)
				BeforeProcessingInitializeOnLoad (108ms)
				ProcessInitializeOnLoadAttributes (524ms)
				ProcessInitializeOnLoadMethodAttributes (9ms)
				AfterProcessingInitializeOnLoad (11ms)
				EditorAssembliesLoaded (1ms)
			ExecutionOrderSort2 (0ms)
			AwakeInstancesAfterBackupRestoration (17ms)
Platform modules already initialized, skipping
Refreshing native plugins compatible for Editor in 0,67 ms, found 0 plugins.
Preloading 0 native plugins for Editor in 0,00 ms.
Unloading 1534 Unused Serialized files (Serialized files now loaded: 0)
System memory in use before: 91,1 MB.
System memory in use after: 81,2 MB.

Unloading 81 unused Assets to reduce memory usage. Loaded Objects now: 2003.
Total: 42,442684 ms (FindLiveObjects: 0,652265 ms CreateObjectMapping: 0,270976 ms MarkObjects: 12,739979 ms  DeleteObjects: 28,775673 ms)

AssetImportParameters requested are different than current active one (requested -> active):
  custom:video-decoder-ogg-theora: a1e56fd34408186e4bbccfd4996cb3dc -> 
  custom:container-muxer-webm: aa71ff27fc2769a1b78a27578f13a17b -> 
  custom:container-demuxer-webm: 4f35f7cbe854078d1ac9338744f61a02 -> 
  custom:container-demuxer-ogg: 62fdf1f143b41e24485cea50d1cbac27 -> 
  custom:video-encoder-webm-vp8: eb34c28f22e8b96e1ab97ce403110664 -> 
  custom:video-decoder-webm-vp8: 9c59270c3fd7afecdb556c50c9e8de78 -> 
  custom:audio-decoder-ogg-vorbis: bf7c407c2cedff20999df2af8eb42d56 -> 
  custom:audio-encoder-webm-vorbis: bf7c407c2cedff20999df2af8eb42d56 -> 
========================================================================
Received Prepare
Registering precompiled user dll's ...
Registered in 0,004934 seconds.
Begin MonoManager ReloadAssembly
Native extension for LinuxStandalone target not found
Native extension for WindowsStandalone target not found
Native extension for OSXStandalone target not found
Native extension for WebGL target not found
Refreshing native plugins compatible for Editor in 1,60 ms, found 0 plugins.
Preloading 0 native plugins for Editor in 0,00 ms.
Mono: successfully reloaded assembly
- Completed reload, in  2,730 seconds
Domain Reload Profiling:
	ReloadAssembly (2731ms)
		BeginReloadAssembly (215ms)
			ExecutionOrderSort (0ms)
			DisableScriptedObjects (11ms)
			BackupInstance (0ms)
			ReleaseScriptingObjects (1ms)
			CreateAndSetChildDomain (91ms)
		EndReloadAssembly (2377ms)
			LoadAssemblies (146ms)
			RebuildTransferFunctionScriptingTraits (0ms)
			SetupTypeCache (842ms)
			ReleaseScriptCaches (3ms)
			RebuildScriptCaches (161ms)
			SetupLoadedEditorAssemblies (808ms)
				LogAssemblyErrors (0ms)
				InitializePlatformSupportModulesInManaged (67ms)
				SetLoadedEditorAssemblies (2ms)
				RefreshPlugins (2ms)
				BeforeProcessingInitializeOnLoad (151ms)
				ProcessInitializeOnLoadAttributes (562ms)
				ProcessInitializeOnLoadMethodAttributes (11ms)
				AfterProcessingInitializeOnLoad (12ms)
				EditorAssembliesLoaded (1ms)
			ExecutionOrderSort2 (0ms)
			AwakeInstancesAfterBackupRestoration (18ms)
Platform modules already initialized, skipping
Refreshing native plugins compatible for Editor in 0,83 ms, found 0 plugins.
Preloading 0 native plugins for Editor in 0,00 ms.
Unloading 1534 Unused Serialized files (Serialized files now loaded: 0)
System memory in use before: 91,0 MB.
System memory in use after: 81,2 MB.

Unloading 81 unused Assets to reduce memory usage. Loaded Objects now: 2005.
Total: 47,159779 ms (FindLiveObjects: 0,535075 ms CreateObjectMapping: 0,201523 ms MarkObjects: 16,605387 ms  DeleteObjects: 29,813010 ms)

AssetImportParameters requested are different than current active one (requested -> active):
  custom:video-decoder-ogg-theora: a1e56fd34408186e4bbccfd4996cb3dc -> 
  custom:container-muxer-webm: aa71ff27fc2769a1b78a27578f13a17b -> 
  custom:container-demuxer-webm: 4f35f7cbe854078d1ac9338744f61a02 -> 
  custom:container-demuxer-ogg: 62fdf1f143b41e24485cea50d1cbac27 -> 
  custom:video-encoder-webm-vp8: eb34c28f22e8b96e1ab97ce403110664 -> 
  custom:video-decoder-webm-vp8: 9c59270c3fd7afecdb556c50c9e8de78 -> 
  custom:audio-decoder-ogg-vorbis: bf7c407c2cedff20999df2af8eb42d56 -> 
  custom:audio-encoder-webm-vorbis: bf7c407c2cedff20999df2af8eb42d56 -> 
========================================================================
Received Prepare
Registering precompiled user dll's ...
Registered in 0,005476 seconds.
Begin MonoManager ReloadAssembly
Native extension for LinuxStandalone target not found
Native extension for WindowsStandalone target not found
Native extension for OSXStandalone target not found
Native extension for WebGL target not found
Refreshing native plugins compatible for Editor in 0,67 ms, found 0 plugins.
Preloading 0 native plugins for Editor in 0,00 ms.
Mono: successfully reloaded assembly
- Completed reload, in  2,646 seconds
Domain Reload Profiling:
	ReloadAssembly (2647ms)
		BeginReloadAssembly (182ms)
			ExecutionOrderSort (0ms)
			DisableScriptedObjects (11ms)
			BackupInstance (0ms)
			ReleaseScriptingObjects (0ms)
			CreateAndSetChildDomain (70ms)
		EndReloadAssembly (2278ms)
			LoadAssemblies (173ms)
			RebuildTransferFunctionScriptingTraits (0ms)
			SetupTypeCache (743ms)
			ReleaseScriptCaches (2ms)
			RebuildScriptCaches (158ms)
			SetupLoadedEditorAssemblies (889ms)
				LogAssemblyErrors (0ms)
				InitializePlatformSupportModulesInManaged (39ms)
				SetLoadedEditorAssemblies (1ms)
				RefreshPlugins (1ms)
				BeforeProcessingInitializeOnLoad (210ms)
				ProcessInitializeOnLoadAttributes (615ms)
				ProcessInitializeOnLoadMethodAttributes (11ms)
				AfterProcessingInitializeOnLoad (12ms)
				EditorAssembliesLoaded (1ms)
			ExecutionOrderSort2 (0ms)
			AwakeInstancesAfterBackupRestoration (20ms)
Platform modules already initialized, skipping
Refreshing native plugins compatible for Editor in 0,81 ms, found 0 plugins.
Preloading 0 native plugins for Editor in 0,00 ms.
Unloading 1534 Unused Serialized files (Serialized files now loaded: 0)
System memory in use before: 91,0 MB.
System memory in use after: 81,2 MB.

Unloading 81 unused Assets to reduce memory usage. Loaded Objects now: 2007.
Total: 34,897987 ms (FindLiveObjects: 0,457498 ms CreateObjectMapping: 0,201758 ms MarkObjects: 10,999269 ms  DeleteObjects: 23,235336 ms)

AssetImportParameters requested are different than current active one (requested -> active):
  custom:video-decoder-ogg-theora: a1e56fd34408186e4bbccfd4996cb3dc -> 
  custom:container-muxer-webm: aa71ff27fc2769a1b78a27578f13a17b -> 
  custom:container-demuxer-webm: 4f35f7cbe854078d1ac9338744f61a02 -> 
  custom:container-demuxer-ogg: 62fdf1f143b41e24485cea50d1cbac27 -> 
  custom:video-encoder-webm-vp8: eb34c28f22e8b96e1ab97ce403110664 -> 
  custom:video-decoder-webm-vp8: 9c59270c3fd7afecdb556c50c9e8de78 -> 
  custom:audio-decoder-ogg-vorbis: bf7c407c2cedff20999df2af8eb42d56 -> 
  custom:audio-encoder-webm-vorbis: bf7c407c2cedff20999df2af8eb42d56 -> 
========================================================================
Received Import Request.
  Time since last request: 1812,339139 seconds.
  path: Assets/Scripts/jugador.cs
  artifactKey: Guid(534686076c97a2b26b165202e1f4bb07) Importer(815301076,1909f56bfc062723c751e8b465ee728b)
Start importing Assets/Scripts/jugador.cs using Guid(534686076c97a2b26b165202e1f4bb07) Importer(815301076,1909f56bfc062723c751e8b465ee728b)  -> (artifact id: '1e19eaa73abb07277979695da0018d0c') in 0,006454 seconds 
  Import took 0,012292 seconds .

========================================================================
Received Prepare
Registering precompiled user dll's ...
Registered in 0,006530 seconds.
Begin MonoManager ReloadAssembly
Native extension for LinuxStandalone target not found
Native extension for WindowsStandalone target not found
Native extension for OSXStandalone target not found
Native extension for WebGL target not found
Refreshing native plugins compatible for Editor in 1,52 ms, found 0 plugins.
Preloading 0 native plugins for Editor in 0,00 ms.
Mono: successfully reloaded assembly
- Completed reload, in  3,173 seconds
Domain Reload Profiling:
	ReloadAssembly (3175ms)
		BeginReloadAssembly (270ms)
			ExecutionOrderSort (0ms)
			DisableScriptedObjects (14ms)
			BackupInstance (0ms)
			ReleaseScriptingObjects (0ms)
			CreateAndSetChildDomain (115ms)
		EndReloadAssembly (2713ms)
			LoadAssemblies (217ms)
			RebuildTransferFunctionScriptingTraits (0ms)
			SetupTypeCache (936ms)
			ReleaseScriptCaches (4ms)
			RebuildScriptCaches (128ms)
			SetupLoadedEditorAssemblies (986ms)
				LogAssemblyErrors (0ms)
				InitializePlatformSupportModulesInManaged (50ms)
				SetLoadedEditorAssemblies (2ms)
				RefreshPlugins (2ms)
				BeforeProcessingInitializeOnLoad (158ms)
				ProcessInitializeOnLoadAttributes (738ms)
				ProcessInitializeOnLoadMethodAttributes (23ms)
				AfterProcessingInitializeOnLoad (12ms)
				EditorAssembliesLoaded (1ms)
			ExecutionOrderSort2 (0ms)
			AwakeInstancesAfterBackupRestoration (23ms)
Platform modules already initialized, skipping
Refreshing native plugins compatible for Editor in 0,76 ms, found 0 plugins.
Preloading 0 native plugins for Editor in 0,00 ms.
Unloading 1534 Unused Serialized files (Serialized files now loaded: 0)
System memory in use before: 91,1 MB.
System memory in use after: 81,2 MB.

Unloading 81 unused Assets to reduce memory usage. Loaded Objects now: 2009.
Total: 63,907933 ms (FindLiveObjects: 0,624764 ms CreateObjectMapping: 0,378336 ms MarkObjects: 18,988416 ms  DeleteObjects: 43,911421 ms)

AssetImportParameters requested are different than current active one (requested -> active):
  custom:video-decoder-ogg-theora: a1e56fd34408186e4bbccfd4996cb3dc -> 
  custom:container-muxer-webm: aa71ff27fc2769a1b78a27578f13a17b -> 
  custom:container-demuxer-webm: 4f35f7cbe854078d1ac9338744f61a02 -> 
  custom:container-demuxer-ogg: 62fdf1f143b41e24485cea50d1cbac27 -> 
  custom:video-encoder-webm-vp8: eb34c28f22e8b96e1ab97ce403110664 -> 
  custom:video-decoder-webm-vp8: 9c59270c3fd7afecdb556c50c9e8de78 -> 
  custom:audio-decoder-ogg-vorbis: bf7c407c2cedff20999df2af8eb42d56 -> 
  custom:audio-encoder-webm-vorbis: bf7c407c2cedff20999df2af8eb42d56 -> 
========================================================================
Received Prepare
Registering precompiled user dll's ...
Registered in 0,004061 seconds.
Begin MonoManager ReloadAssembly
Native extension for LinuxStandalone target not found
Native extension for WindowsStandalone target not found
Native extension for OSXStandalone target not found
Native extension for WebGL target not found
Refreshing native plugins compatible for Editor in 0,69 ms, found 0 plugins.
Preloading 0 native plugins for Editor in 0,00 ms.
Mono: successfully reloaded assembly
- Completed reload, in  2,292 seconds
Domain Reload Profiling:
	ReloadAssembly (2293ms)
		BeginReloadAssembly (206ms)
			ExecutionOrderSort (0ms)
			DisableScriptedObjects (11ms)
			BackupInstance (0ms)
			ReleaseScriptingObjects (0ms)
			CreateAndSetChildDomain (80ms)
		EndReloadAssembly (1918ms)
			LoadAssemblies (197ms)
			RebuildTransferFunctionScriptingTraits (0ms)
			SetupTypeCache (690ms)
			ReleaseScriptCaches (1ms)
			RebuildScriptCaches (104ms)
			SetupLoadedEditorAssemblies (659ms)
				LogAssemblyErrors (0ms)
				InitializePlatformSupportModulesInManaged (37ms)
				SetLoadedEditorAssemblies (1ms)
				RefreshPlugins (1ms)
				BeforeProcessingInitializeOnLoad (123ms)
				ProcessInitializeOnLoadAttributes (477ms)
				ProcessInitializeOnLoadMethodAttributes (9ms)
				AfterProcessingInitializeOnLoad (11ms)
				EditorAssembliesLoaded (1ms)
			ExecutionOrderSort2 (0ms)
			AwakeInstancesAfterBackupRestoration (18ms)
Platform modules already initialized, skipping
Refreshing native plugins compatible for Editor in 0,65 ms, found 0 plugins.
Preloading 0 native plugins for Editor in 0,00 ms.
Unloading 1534 Unused Serialized files (Serialized files now loaded: 0)
System memory in use before: 91,1 MB.
System memory in use after: 81,2 MB.

Unloading 81 unused Assets to reduce memory usage. Loaded Objects now: 2011.
Total: 31,777219 ms (FindLiveObjects: 0,370007 ms CreateObjectMapping: 0,201062 ms MarkObjects: 9,805280 ms  DeleteObjects: 21,398485 ms)

AssetImportParameters requested are different than current active one (requested -> active):
  custom:video-decoder-ogg-theora: a1e56fd34408186e4bbccfd4996cb3dc -> 
  custom:container-muxer-webm: aa71ff27fc2769a1b78a27578f13a17b -> 
  custom:container-demuxer-webm: 4f35f7cbe854078d1ac9338744f61a02 -> 
  custom:container-demuxer-ogg: 62fdf1f143b41e24485cea50d1cbac27 -> 
  custom:video-encoder-webm-vp8: eb34c28f22e8b96e1ab97ce403110664 -> 
  custom:video-decoder-webm-vp8: 9c59270c3fd7afecdb556c50c9e8de78 -> 
  custom:audio-decoder-ogg-vorbis: bf7c407c2cedff20999df2af8eb42d56 -> 
  custom:audio-encoder-webm-vorbis: bf7c407c2cedff20999df2af8eb42d56 -> 
========================================================================
Received Import Request.
  Time since last request: 216,423096 seconds.
  path: Assets/Prefabs/player.prefab
  artifactKey: Guid(32ac263dcbef77ad69e87370001dfd12) Importer(815301076,1909f56bfc062723c751e8b465ee728b)
Start importing Assets/Prefabs/player.prefab using Guid(32ac263dcbef77ad69e87370001dfd12) Importer(815301076,1909f56bfc062723c751e8b465ee728b)  -> (artifact id: 'a97266e4a07a8f9dc13c6aa399ba1b92') in 0,119366 seconds 
  Import took 0,125687 seconds .

========================================================================
Received Prepare
Registering precompiled user dll's ...
Registered in 0,005008 seconds.
Begin MonoManager ReloadAssembly
Native extension for LinuxStandalone target not found
Native extension for WindowsStandalone target not found
Native extension for OSXStandalone target not found
Native extension for WebGL target not found
Refreshing native plugins compatible for Editor in 1,44 ms, found 0 plugins.
Preloading 0 native plugins for Editor in 0,00 ms.
Mono: successfully reloaded assembly
- Completed reload, in  2,708 seconds
Domain Reload Profiling:
	ReloadAssembly (2709ms)
		BeginReloadAssembly (223ms)
			ExecutionOrderSort (0ms)
			DisableScriptedObjects (17ms)
			BackupInstance (0ms)
			ReleaseScriptingObjects (0ms)
			CreateAndSetChildDomain (95ms)
		EndReloadAssembly (2344ms)
			LoadAssemblies (158ms)
			RebuildTransferFunctionScriptingTraits (0ms)
			SetupTypeCache (748ms)
			ReleaseScriptCaches (2ms)
			RebuildScriptCaches (107ms)
			SetupLoadedEditorAssemblies (924ms)
				LogAssemblyErrors (0ms)
				InitializePlatformSupportModulesInManaged (54ms)
				SetLoadedEditorAssemblies (2ms)
				RefreshPlugins (2ms)
				BeforeProcessingInitializeOnLoad (165ms)
				ProcessInitializeOnLoadAttributes (674ms)
				ProcessInitializeOnLoadMethodAttributes (11ms)
				AfterProcessingInitializeOnLoad (15ms)
				EditorAssembliesLoaded (1ms)
			ExecutionOrderSort2 (0ms)
			AwakeInstancesAfterBackupRestoration (25ms)
Platform modules already initialized, skipping
Refreshing native plugins compatible for Editor in 0,73 ms, found 0 plugins.
Preloading 0 native plugins for Editor in 0,00 ms.
Unloading 1534 Unused Serialized files (Serialized files now loaded: 0)
System memory in use before: 91,1 MB.
System memory in use after: 81,3 MB.

Unloading 81 unused Assets to reduce memory usage. Loaded Objects now: 2016.
Total: 39,114772 ms (FindLiveObjects: 0,445372 ms CreateObjectMapping: 0,481484 ms MarkObjects: 10,669992 ms  DeleteObjects: 27,513862 ms)

AssetImportParameters requested are different than current active one (requested -> active):
  custom:video-decoder-ogg-theora: a1e56fd34408186e4bbccfd4996cb3dc -> 
  custom:container-muxer-webm: aa71ff27fc2769a1b78a27578f13a17b -> 
  custom:container-demuxer-webm: 4f35f7cbe854078d1ac9338744f61a02 -> 
  custom:container-demuxer-ogg: 62fdf1f143b41e24485cea50d1cbac27 -> 
  custom:video-encoder-webm-vp8: eb34c28f22e8b96e1ab97ce403110664 -> 
  custom:video-decoder-webm-vp8: 9c59270c3fd7afecdb556c50c9e8de78 -> 
  custom:audio-decoder-ogg-vorbis: bf7c407c2cedff20999df2af8eb42d56 -> 
  custom:audio-encoder-webm-vorbis: bf7c407c2cedff20999df2af8eb42d56 -> 
========================================================================
Received Import Request.
  Time since last request: 48,290762 seconds.
  path: Assets/Prefabs/Sphere.prefab
  artifactKey: Guid(b8d2d712649a96eaeb78db235dcbfb50) Importer(815301076,1909f56bfc062723c751e8b465ee728b)
Start importing Assets/Prefabs/Sphere.prefab using Guid(b8d2d712649a96eaeb78db235dcbfb50) Importer(815301076,1909f56bfc062723c751e8b465ee728b)  -> (artifact id: 'c7edcb5722331d48758f42e937c43794') in 0,111068 seconds 
  Import took 0,116717 seconds .

========================================================================
Received Prepare
Registering precompiled user dll's ...
Registered in 0,004312 seconds.
Begin MonoManager ReloadAssembly
Native extension for LinuxStandalone target not found
Native extension for WindowsStandalone target not found
Native extension for OSXStandalone target not found
Native extension for WebGL target not found
Refreshing native plugins compatible for Editor in 0,66 ms, found 0 plugins.
Preloading 0 native plugins for Editor in 0,00 ms.
Mono: successfully reloaded assembly
- Completed reload, in  2,346 seconds
Domain Reload Profiling:
	ReloadAssembly (2347ms)
		BeginReloadAssembly (283ms)
			ExecutionOrderSort (0ms)
			DisableScriptedObjects (16ms)
			BackupInstance (0ms)
			ReleaseScriptingObjects (0ms)
			CreateAndSetChildDomain (134ms)
		EndReloadAssembly (1880ms)
			LoadAssemblies (184ms)
			RebuildTransferFunctionScriptingTraits (0ms)
			SetupTypeCache (685ms)
			ReleaseScriptCaches (1ms)
			RebuildScriptCaches (94ms)
			SetupLoadedEditorAssemblies (663ms)
				LogAssemblyErrors (0ms)
				InitializePlatformSupportModulesInManaged (34ms)
				SetLoadedEditorAssemblies (1ms)
				RefreshPlugins (1ms)
				BeforeProcessingInitializeOnLoad (104ms)
				ProcessInitializeOnLoadAttributes (489ms)
				ProcessInitializeOnLoadMethodAttributes (14ms)
				AfterProcessingInitializeOnLoad (19ms)
				EditorAssembliesLoaded (1ms)
			ExecutionOrderSort2 (0ms)
			AwakeInstancesAfterBackupRestoration (35ms)
Platform modules already initialized, skipping
Refreshing native plugins compatible for Editor in 0,68 ms, found 0 plugins.
Preloading 0 native plugins for Editor in 0,00 ms.
Unloading 1534 Unused Serialized files (Serialized files now loaded: 0)
System memory in use before: 91,1 MB.
System memory in use after: 81,3 MB.

Unloading 81 unused Assets to reduce memory usage. Loaded Objects now: 2019.
Total: 32,373155 ms (FindLiveObjects: 0,339987 ms CreateObjectMapping: 0,109991 ms MarkObjects: 10,003540 ms  DeleteObjects: 21,916503 ms)

AssetImportParameters requested are different than current active one (requested -> active):
  custom:video-decoder-ogg-theora: a1e56fd34408186e4bbccfd4996cb3dc -> 
  custom:container-muxer-webm: aa71ff27fc2769a1b78a27578f13a17b -> 
  custom:container-demuxer-webm: 4f35f7cbe854078d1ac9338744f61a02 -> 
  custom:container-demuxer-ogg: 62fdf1f143b41e24485cea50d1cbac27 -> 
  custom:video-encoder-webm-vp8: eb34c28f22e8b96e1ab97ce403110664 -> 
  custom:video-decoder-webm-vp8: 9c59270c3fd7afecdb556c50c9e8de78 -> 
  custom:audio-decoder-ogg-vorbis: bf7c407c2cedff20999df2af8eb42d56 -> 
  custom:audio-encoder-webm-vorbis: bf7c407c2cedff20999df2af8eb42d56 -> 
========================================================================
Received Import Request.
  Time since last request: 29,884654 seconds.
  path: Assets/Prefabs/Sphere.prefab
  artifactKey: Guid(b8d2d712649a96eaeb78db235dcbfb50) Importer(815301076,1909f56bfc062723c751e8b465ee728b)
Start importing Assets/Prefabs/Sphere.prefab using Guid(b8d2d712649a96eaeb78db235dcbfb50) Importer(815301076,1909f56bfc062723c751e8b465ee728b)  -> (artifact id: 'c7d006e24138e47d3cc0eddd0ff2a396') in 0,109231 seconds 
  Import took 0,114702 seconds .

========================================================================
Received Prepare
Registering precompiled user dll's ...
Registered in 0,004304 seconds.
Begin MonoManager ReloadAssembly
Native extension for LinuxStandalone target not found
Native extension for WindowsStandalone target not found
Native extension for OSXStandalone target not found
Native extension for WebGL target not found
Refreshing native plugins compatible for Editor in 0,76 ms, found 0 plugins.
Preloading 0 native plugins for Editor in 0,00 ms.
Mono: successfully reloaded assembly
- Completed reload, in  2,304 seconds
Domain Reload Profiling:
	ReloadAssembly (2305ms)
		BeginReloadAssembly (215ms)
			ExecutionOrderSort (0ms)
			DisableScriptedObjects (12ms)
			BackupInstance (0ms)
			ReleaseScriptingObjects (0ms)
			CreateAndSetChildDomain (99ms)
		EndReloadAssembly (1899ms)
			LoadAssemblies (170ms)
			RebuildTransferFunctionScriptingTraits (0ms)
			SetupTypeCache (692ms)
			ReleaseScriptCaches (2ms)
			RebuildScriptCaches (96ms)
			SetupLoadedEditorAssemblies (671ms)
				LogAssemblyErrors (0ms)
				InitializePlatformSupportModulesInManaged (38ms)
				SetLoadedEditorAssemblies (1ms)
				RefreshPlugins (1ms)
				BeforeProcessingInitializeOnLoad (114ms)
				ProcessInitializeOnLoadAttributes (497ms)
				ProcessInitializeOnLoadMethodAttributes (9ms)
				AfterProcessingInitializeOnLoad (11ms)
				EditorAssembliesLoaded (1ms)
			ExecutionOrderSort2 (0ms)
			AwakeInstancesAfterBackupRestoration (17ms)
Platform modules already initialized, skipping
Refreshing native plugins compatible for Editor in 0,72 ms, found 0 plugins.
Preloading 0 native plugins for Editor in 0,00 ms.
Unloading 1534 Unused Serialized files (Serialized files now loaded: 0)
System memory in use before: 91,1 MB.
System memory in use after: 81,3 MB.

Unloading 81 unused Assets to reduce memory usage. Loaded Objects now: 2022.
Total: 36,755781 ms (FindLiveObjects: 0,367625 ms CreateObjectMapping: 0,178396 ms MarkObjects: 10,168289 ms  DeleteObjects: 26,038056 ms)

AssetImportParameters requested are different than current active one (requested -> active):
  custom:video-decoder-ogg-theora: a1e56fd34408186e4bbccfd4996cb3dc -> 
  custom:container-muxer-webm: aa71ff27fc2769a1b78a27578f13a17b -> 
  custom:container-demuxer-webm: 4f35f7cbe854078d1ac9338744f61a02 -> 
  custom:container-demuxer-ogg: 62fdf1f143b41e24485cea50d1cbac27 -> 
  custom:video-encoder-webm-vp8: eb34c28f22e8b96e1ab97ce403110664 -> 
  custom:video-decoder-webm-vp8: 9c59270c3fd7afecdb556c50c9e8de78 -> 
  custom:audio-decoder-ogg-vorbis: bf7c407c2cedff20999df2af8eb42d56 -> 
  custom:audio-encoder-webm-vorbis: bf7c407c2cedff20999df2af8eb42d56 -> 
========================================================================
Received Import Request.
  Time since last request: 65,691348 seconds.
  path: Assets/SD Unity-Chan Haon Custom/Prefabs/Set/LS Preview SD Unity-chan.prefab
  artifactKey: Guid(fdf678a7193c58346a367114b3da57ac) Importer(815301076,1909f56bfc062723c751e8b465ee728b)
Start importing Assets/SD Unity-Chan Haon Custom/Prefabs/Set/LS Preview SD Unity-chan.prefab using Guid(fdf678a7193c58346a367114b3da57ac) Importer(815301076,1909f56bfc062723c751e8b465ee728b)  -> (artifact id: '8524e7614981dc74fba00bf9b3e3a074') in 0,345090 seconds 
  Import took 0,354249 seconds .

========================================================================
Received Import Request.
  Time since last request: 0,000322 seconds.
  path: Assets/SD Unity-Chan Haon Custom/_Guide/Materials/preview_sky.mat
  artifactKey: Guid(c30967cfbc7fee443bf7c441db6f4f1d) Importer(815301076,1909f56bfc062723c751e8b465ee728b)
Start importing Assets/SD Unity-Chan Haon Custom/_Guide/Materials/preview_sky.mat using Guid(c30967cfbc7fee443bf7c441db6f4f1d) Importer(815301076,1909f56bfc062723c751e8b465ee728b)  -> (artifact id: '1c2e654c5225f42b6a6f4c74e4315525') in 0,179721 seconds 
  Import took 0,184942 seconds .

========================================================================
Received Import Request.
  Time since last request: 0,000282 seconds.
  path: Assets/enemigos/Assets_AngryLog/Materials/MatRevenger.mat
  artifactKey: Guid(fecd1a095cdee4f54b2a5aa96737a4a0) Importer(815301076,1909f56bfc062723c751e8b465ee728b)
Start importing Assets/enemigos/Assets_AngryLog/Materials/MatRevenger.mat using Guid(fecd1a095cdee4f54b2a5aa96737a4a0) Importer(815301076,1909f56bfc062723c751e8b465ee728b)  -> (artifact id: '897a37c254b6483bb156ae47cd38adee') in 0,027080 seconds 
  Import took 0,032729 seconds .

========================================================================
Received Import Request.
  Time since last request: 0,000296 seconds.
  path: Assets/SD Unity-Chan Haon Custom/_Guide/Materials/preview_plan A.mat
  artifactKey: Guid(7ac7e2148b80c1248afb3f92a4726fba) Importer(815301076,1909f56bfc062723c751e8b465ee728b)
Start importing Assets/SD Unity-Chan Haon Custom/_Guide/Materials/preview_plan A.mat using Guid(7ac7e2148b80c1248afb3f92a4726fba) Importer(815301076,1909f56bfc062723c751e8b465ee728b)  -> (artifact id: '0f25b654d135d3df37cfbe11d5e0ebba') in 0,033778 seconds 
  Import took 0,042624 seconds .

========================================================================
Received Import Request.
  Time since last request: 0,000461 seconds.
  path: Assets/SD Unity-Chan Haon Custom/_Guide/Materials/Preview_sky B.mat
  artifactKey: Guid(13a0c2a54fe3fa646b6c689128bcf210) Importer(815301076,1909f56bfc062723c751e8b465ee728b)
Start importing Assets/SD Unity-Chan Haon Custom/_Guide/Materials/Preview_sky B.mat using Guid(13a0c2a54fe3fa646b6c689128bcf210) Importer(815301076,1909f56bfc062723c751e8b465ee728b)  -> (artifact id: '696d74f610c88e7146d1e6ddd70f342e') in 0,020099 seconds 
  Import took 0,027053 seconds .

========================================================================
Received Import Request.
  Time since last request: 0,000258 seconds.
  path: Assets/SD Unity-Chan Haon Custom/_Guide/Materials/Preview_sky C.mat
  artifactKey: Guid(34169ec79f2b21b4bb63a751d07c71b8) Importer(815301076,1909f56bfc062723c751e8b465ee728b)
Start importing Assets/SD Unity-Chan Haon Custom/_Guide/Materials/Preview_sky C.mat using Guid(34169ec79f2b21b4bb63a751d07c71b8) Importer(815301076,1909f56bfc062723c751e8b465ee728b)  -> (artifact id: 'c1e292be5935adeb22ab3ec0b3f50040') in 0,017506 seconds 
  Import took 0,025374 seconds .

========================================================================
Received Import Request.
  Time since last request: 29,388462 seconds.
  path: Packages/com.unity.collab-proxy/Editor/Collaborate/Assets/Layouts/ChangesTabPageView.uxml
  artifactKey: Guid(a1c552fb05993cf4eac00d572aa408f8) Importer(815301076,1909f56bfc062723c751e8b465ee728b)
Start importing Packages/com.unity.collab-proxy/Editor/Collaborate/Assets/Layouts/ChangesTabPageView.uxml using Guid(a1c552fb05993cf4eac00d572aa408f8) Importer(815301076,1909f56bfc062723c751e8b465ee728b)  -> (artifact id: 'edfccd08a0b3757855361a1a8720bcc1') in 0,020430 seconds 
  Import took 0,025744 seconds .

========================================================================
Received Import Request.
  Time since last request: 0,021515 seconds.
  path: Packages/com.unity.collab-proxy/Editor/Collaborate/Assets/Styles/ChangesTabPageView.uss
  artifactKey: Guid(105b0e05b7ff8d147ad5c7aeed41e3b7) Importer(815301076,1909f56bfc062723c751e8b465ee728b)
Start importing Packages/com.unity.collab-proxy/Editor/Collaborate/Assets/Styles/ChangesTabPageView.uss using Guid(105b0e05b7ff8d147ad5c7aeed41e3b7) Importer(815301076,1909f56bfc062723c751e8b465ee728b)  -> (artifact id: 'ddf124ccef292bdfcbe245ffc4aeecc7') in 0,007942 seconds 
  Import took 0,012928 seconds .

========================================================================
Received Import Request.
  Time since last request: 0,019153 seconds.
  path: Packages/com.unity.ide.visualstudio/Editor/com.unity.ide.visualstudio.asmdef
  artifactKey: Guid(b93f844d45cfcc44fa2b0eed5c9ec6bb) Importer(815301076,1909f56bfc062723c751e8b465ee728b)
Start importing Packages/com.unity.ide.visualstudio/Editor/com.unity.ide.visualstudio.asmdef using Guid(b93f844d45cfcc44fa2b0eed5c9ec6bb) Importer(815301076,1909f56bfc062723c751e8b465ee728b)  -> (artifact id: 'f7c166c5239c9f94d6347c9b443d9b01') in 0,001508 seconds 
  Import took 0,006855 seconds .

========================================================================
Received Import Request.
  Time since last request: 0,003839 seconds.
  path: Packages/com.unity.collab-proxy/Editor/PlasticSCM/Assets/Images/d_iconplasticview.png
  artifactKey: Guid(519d97e745e55f041b609f3666cbc037) Importer(815301076,1909f56bfc062723c751e8b465ee728b)
Start importing Packages/com.unity.collab-proxy/Editor/PlasticSCM/Assets/Images/d_iconplasticview.png using Guid(519d97e745e55f041b609f3666cbc037) Importer(815301076,1909f56bfc062723c751e8b465ee728b)  -> (artifact id: '735f198e1ffe023ec15526b287255d83') in 0,087682 seconds 
  Import took 0,093271 seconds .

========================================================================
Received Import Request.
  Time since last request: 0,000263 seconds.
  path: Packages/com.unity.collab-proxy/Editor/PlasticSCM/Assets/Images/d_iconplasticviewnotify.png
  artifactKey: Guid(df7dbac99fae5444f92b497c52f0ecfb) Importer(815301076,1909f56bfc062723c751e8b465ee728b)
Start importing Packages/com.unity.collab-proxy/Editor/PlasticSCM/Assets/Images/d_iconplasticviewnotify.png using Guid(df7dbac99fae5444f92b497c52f0ecfb) Importer(815301076,1909f56bfc062723c751e8b465ee728b)  -> (artifact id: '5f3f92f1213834871e54421ff4da8fc7') in 0,031035 seconds 
  Import took 0,037051 seconds .

========================================================================
Received Import Request.
  Time since last request: 0,000511 seconds.
  path: Packages/com.unity.collab-proxy/Editor/PlasticSCM/Assets/Images/d_iconplasticviewnotify@2x.png
  artifactKey: Guid(64eb0648ca0d11944a9517d8662508fd) Importer(815301076,1909f56bfc062723c751e8b465ee728b)
Start importing Packages/com.unity.collab-proxy/Editor/PlasticSCM/Assets/Images/d_iconplasticviewnotify@2x.png using Guid(64eb0648ca0d11944a9517d8662508fd) Importer(815301076,1909f56bfc062723c751e8b465ee728b)  -> (artifact id: '8bdc172f17f6c6b4912060c7cd4c952f') in 0,024127 seconds 
  Import took 0,030227 seconds .

========================================================================
Received Import Request.
  Time since last request: 0,000294 seconds.
  path: Packages/com.unity.collab-proxy/Editor/PlasticSCM/Assets/Images/d_iconplasticview@2x.png
  artifactKey: Guid(3168140d6f409d0448447f18568d9482) Importer(815301076,1909f56bfc062723c751e8b465ee728b)
Start importing Packages/com.unity.collab-proxy/Editor/PlasticSCM/Assets/Images/d_iconplasticview@2x.png using Guid(3168140d6f409d0448447f18568d9482) Importer(815301076,1909f56bfc062723c751e8b465ee728b)  -> (artifact id: 'cfda6128844d417cc6ffe4c47af3e2e5') in 0,023127 seconds 
  Import took 0,030069 seconds .

========================================================================
Received Import Request.
  Time since last request: 0,000259 seconds.
  path: Packages/com.unity.collab-proxy/Editor/Collaborate/Assets/Layouts/ErrorPageView.uxml
  artifactKey: Guid(a1f27722ebc4a8f498fd31a30078e2ca) Importer(815301076,1909f56bfc062723c751e8b465ee728b)
Start importing Packages/com.unity.collab-proxy/Editor/Collaborate/Assets/Layouts/ErrorPageView.uxml using Guid(a1f27722ebc4a8f498fd31a30078e2ca) Importer(815301076,1909f56bfc062723c751e8b465ee728b)  -> (artifact id: '30aab41392bb726b489d74e94a3f9271') in 0,003036 seconds 
  Import took 0,008408 seconds .

========================================================================
Received Import Request.
  Time since last request: 0,000251 seconds.
  path: Packages/com.unity.collab-proxy/Editor/Collaborate/Assets/Layouts/HistoryTabPageView.uxml
  artifactKey: Guid(fdeda3b2ca86b6542a303cbe4f00c3c4) Importer(815301076,1909f56bfc062723c751e8b465ee728b)
Start importing Packages/com.unity.collab-proxy/Editor/Collaborate/Assets/Layouts/HistoryTabPageView.uxml using Guid(fdeda3b2ca86b6542a303cbe4f00c3c4) Importer(815301076,1909f56bfc062723c751e8b465ee728b)  -> (artifact id: 'd848f51c750f863f8b42f1e501fb71fa') in 0,003123 seconds 
  Import took 0,008599 seconds .

========================================================================
Received Import Request.
  Time since last request: 41,959420 seconds.
  path: Assets/sonido
  artifactKey: Guid(d0dca82e3d9e2b2d0ad4e5dcd1e86bc4) Importer(815301076,1909f56bfc062723c751e8b465ee728b)
Start importing Assets/sonido using Guid(d0dca82e3d9e2b2d0ad4e5dcd1e86bc4) Importer(815301076,1909f56bfc062723c751e8b465ee728b)  -> (artifact id: 'f810c1944b97b8d571fbefcb2d174005') in 0,002053 seconds 
  Import took 0,008252 seconds .

========================================================================
Received Import Request.
  Time since last request: 144,437760 seconds.
  path: Assets/Prefabs/player 1.prefab
  artifactKey: Guid(e93ead69d41dde7fb9714087a2d05f9d) Importer(815301076,1909f56bfc062723c751e8b465ee728b)
Start importing Assets/Prefabs/player 1.prefab using Guid(e93ead69d41dde7fb9714087a2d05f9d) Importer(815301076,1909f56bfc062723c751e8b465ee728b)  -> (artifact id: '49bdb29342480050a6052990505192b7') in 0,084935 seconds 
  Import took 0,094358 seconds .

========================================================================
Received Prepare
Registering precompiled user dll's ...
Registered in 0,006436 seconds.
Begin MonoManager ReloadAssembly
Native extension for LinuxStandalone target not found
Native extension for WindowsStandalone target not found
Native extension for OSXStandalone target not found
Native extension for WebGL target not found
Refreshing native plugins compatible for Editor in 0,71 ms, found 0 plugins.
Preloading 0 native plugins for Editor in 0,00 ms.
Mono: successfully reloaded assembly
- Completed reload, in  2,813 seconds
Domain Reload Profiling:
	ReloadAssembly (2814ms)
		BeginReloadAssembly (228ms)
			ExecutionOrderSort (0ms)
			DisableScriptedObjects (14ms)
			BackupInstance (0ms)
			ReleaseScriptingObjects (0ms)
			CreateAndSetChildDomain (105ms)
		EndReloadAssembly (2438ms)
			LoadAssemblies (166ms)
			RebuildTransferFunctionScriptingTraits (0ms)
			SetupTypeCache (928ms)
			ReleaseScriptCaches (2ms)
			RebuildScriptCaches (122ms)
			SetupLoadedEditorAssemblies (806ms)
				LogAssemblyErrors (0ms)
				InitializePlatformSupportModulesInManaged (39ms)
				SetLoadedEditorAssemblies (1ms)
				RefreshPlugins (1ms)
				BeforeProcessingInitializeOnLoad (158ms)
				ProcessInitializeOnLoadAttributes (586ms)
				ProcessInitializeOnLoadMethodAttributes (9ms)
				AfterProcessingInitializeOnLoad (11ms)
				EditorAssembliesLoaded (1ms)
			ExecutionOrderSort2 (0ms)
			AwakeInstancesAfterBackupRestoration (17ms)
Platform modules already initialized, skipping
Refreshing native plugins compatible for Editor in 0,73 ms, found 0 plugins.
Preloading 0 native plugins for Editor in 0,00 ms.
Unloading 1534 Unused Serialized files (Serialized files now loaded: 0)
System memory in use before: 91,3 MB.
System memory in use after: 81,4 MB.

Unloading 81 unused Assets to reduce memory usage. Loaded Objects now: 2030.
Total: 35,378575 ms (FindLiveObjects: 0,308800 ms CreateObjectMapping: 0,109621 ms MarkObjects: 9,915113 ms  DeleteObjects: 25,041857 ms)

AssetImportParameters requested are different than current active one (requested -> active):
  custom:video-decoder-ogg-theora: a1e56fd34408186e4bbccfd4996cb3dc -> 
  custom:container-muxer-webm: aa71ff27fc2769a1b78a27578f13a17b -> 
  custom:container-demuxer-webm: 4f35f7cbe854078d1ac9338744f61a02 -> 
  custom:container-demuxer-ogg: 62fdf1f143b41e24485cea50d1cbac27 -> 
  custom:video-encoder-webm-vp8: eb34c28f22e8b96e1ab97ce403110664 -> 
  custom:video-decoder-webm-vp8: 9c59270c3fd7afecdb556c50c9e8de78 -> 
  custom:audio-decoder-ogg-vorbis: bf7c407c2cedff20999df2af8eb42d56 -> 
  custom:audio-encoder-webm-vorbis: bf7c407c2cedff20999df2af8eb42d56 -> 
========================================================================
Received Import Request.
  Time since last request: 106,050179 seconds.
  path: Assets/Prefabs/player 1.prefab
  artifactKey: Guid(e93ead69d41dde7fb9714087a2d05f9d) Importer(815301076,1909f56bfc062723c751e8b465ee728b)
Start importing Assets/Prefabs/player 1.prefab using Guid(e93ead69d41dde7fb9714087a2d05f9d) Importer(815301076,1909f56bfc062723c751e8b465ee728b)  -> (artifact id: '917b58221fb5678eec30cc249e243f53') in 0,248082 seconds 
  Import took 0,262164 seconds .

========================================================================
Received Import Request.
  Time since last request: 45,455754 seconds.
  path: Assets/Prefabs/player 1.prefab
  artifactKey: Guid(e93ead69d41dde7fb9714087a2d05f9d) Importer(815301076,1909f56bfc062723c751e8b465ee728b)
Start importing Assets/Prefabs/player 1.prefab using Guid(e93ead69d41dde7fb9714087a2d05f9d) Importer(815301076,1909f56bfc062723c751e8b465ee728b)  -> (artifact id: '9a598dde6bebead452a43f6c305c6544') in 0,084495 seconds 
  Import took 0,094423 seconds .

