Unity Editor version:    2020.3.19f1 (68f137dc9bbe)
Branch:                  2020.3/staging
Build type:              Release
Batch mode:              YES
System name:             Linux
Distro version:          #1 SMP PREEMPT Thu Oct 7 06:43:34 UTC 2021
Kernel version:          5.14.10-1-MANJARO
Architecture:            x86_64
Available memory:        7869 MB
Using pre-set license
Pro License: NO
Desktop is 1920 x 1080 @ 60 Hz

COMMAND LINE ARGUMENTS:
Unity
-adb2
-batchMode
-noUpm
-name
AssetImportWorker0
-projectPath
/home/francinesevilla/Documentos/GitHub/John-Adventure
-logFile
Logs/AssetImportWorker0.log
-srvPort
37985
Successfully changed project path to: /home/francinesevilla/Documentos/GitHub/John-Adventure
/home/francinesevilla/Documentos/GitHub/John-Adventure
Using Asset Import Pipeline V2.
Refreshing native plugins compatible for Editor in 86,02 ms, found 0 plugins.
Preloading 0 native plugins for Editor in 0,00 ms.
Initialize engine version: 2020.3.19f1 (68f137dc9bbe)
[Subsystems] Discovering subsystems at path /home/francinesevilla/Unity/Hub/Editor/2020.3.19f1/Editor/Data/Resources/UnitySubsystems
[Subsystems] Discovering subsystems at path /home/francinesevilla/Documentos/GitHub/John-Adventure/Assets
GLX Extensions: GLX_ARB_create_context GLX_ARB_create_context_no_error GLX_ARB_create_context_profile GLX_ARB_create_context_robustness GLX_ARB_fbconfig_float GLX_ARB_framebuffer_sRGB GLX_ARB_get_proc_address GLX_ARB_multisample GLX_EXT_buffer_age GLX_EXT_create_context_es2_profile GLX_EXT_create_context_es_profile GLX_EXT_fbconfig_packed_float GLX_EXT_framebuffer_sRGB GLX_EXT_import_context GLX_EXT_no_config_context GLX_EXT_swap_control GLX_EXT_swap_control_tear GLX_EXT_texture_from_pixmap GLX_EXT_visual_info GLX_EXT_visual_rating GLX_INTEL_swap_event GLX_MESA_copy_sub_buffer GLX_MESA_query_renderer GLX_MESA_swap_control GLX_OML_swap_method GLX_OML_sync_control GLX_SGIS_multisample GLX_SGIX_fbconfig GLX_SGIX_pbuffer GLX_SGIX_visual_select_group GLX_SGI_make_current_read GLX_SGI_swap_control GLX_SGI_video_sync 
Renderer: Mesa DRI Intel(R) HD Graphics 4400 (HSW GT2)
Vendor:   Intel Open Source Technology Center
Version:  4.5 (Core Profile) Mesa 21.2.3
GLES:     0
 GL_3DFX_texture_compression_FXT1 GL_AMD_conservative_depth GL_AMD_draw_buffers_blend GL_AMD_multi_draw_indirect GL_AMD_query_buffer_object GL_AMD_seamless_cubemap_per_texture GL_AMD_shader_trinary_minmax GL_AMD_texture_texture4 GL_AMD_vertex_shader_layer GL_AMD_vertex_shader_viewport_index GL_ANGLE_texture_compression_dxt3 GL_ANGLE_texture_compression_dxt5 GL_APPLE_object_purgeable GL_ARB_ES2_compatibility GL_ARB_ES3_1_compatibility GL_ARB_ES3_compatibility GL_ARB_arrays_of_arrays GL_ARB_base_instance GL_ARB_blend_func_extended GL_ARB_buffer_storage GL_ARB_clear_buffer_object GL_ARB_clear_texture GL_ARB_clip_control GL_ARB_compressed_texture_pixel_storage GL_ARB_compute_shader GL_ARB_compute_variable_group_size GL_ARB_conditional_render_inverted GL_ARB_conservative_depth GL_ARB_copy_buffer GL_ARB_copy_image GL_ARB_cull_distance GL_ARB_debug_output GL_ARB_depth_buffer_float GL_ARB_depth_clamp GL_ARB_derivative_control GL_ARB_direct_state_access GL_ARB_draw_buffers GL_ARB_draw_buffers_blend GL_ARB_draw_elemen
ts_base_vertex GL_ARB_draw_indirect GL_ARB_draw_instanced GL_ARB_enhanced_layouts GL_ARB_explicit_attrib_location GL_ARB_explicit_uniform_location GL_ARB_fragment_coord_conventions GL_ARB_fragment_layer_viewport GL_ARB_fragment_shader GL_ARB_framebuffer_no_attachments GL_ARB_framebuffer_object GL_ARB_framebuffer_sRGB GL_ARB_get_program_binary GL_ARB_get_texture_sub_image GL_ARB_gl_spirv GL_ARB_gpu_shader5 GL_ARB_gpu_shader_fp64 GL_ARB_half_float_pixel GL_ARB_half_float_vertex GL_ARB_indirect_parameters GL_ARB_instanced_arrays GL_ARB_internalformat_query GL_ARB_internalformat_query2 GL_ARB_invalidate_subdata GL_ARB_map_buffer_alignment GL_ARB_map_buffer_range GL_ARB_multi_bind GL_ARB_multi_draw_indirect GL_ARB_occlusion_query2 GL_ARB_parallel_shader_compile GL_ARB_pipeline_statistics_query GL_ARB_pixel_buffer_object GL_ARB_point_sprite GL_ARB_polygon_offset_clamp GL_ARB_program_interface_query GL_ARB_provoking_vertex GL_ARB_query_buffer_object GL_ARB_robust_buffer_access_behavior GL_ARB_robustness GL_ARB_samp
le_shading GL_ARB_sampler_objects GL_ARB_seamless_cube_map GL_ARB_seamless_cubemap_per_texture GL_ARB_separate_shader_objects GL_ARB_shader_atomic_counter_ops GL_ARB_shader_atomic_counters GL_ARB_shader_bit_encoding GL_ARB_shader_clock GL_ARB_shader_draw_parameters GL_ARB_shader_group_vote GL_ARB_shader_image_load_store GL_ARB_shader_image_size GL_ARB_shader_objects GL_ARB_shader_precision GL_ARB_shader_storage_buffer_object GL_ARB_shader_subroutine GL_ARB_shader_texture_image_samples GL_ARB_shader_texture_lod GL_ARB_shader_viewport_layer_array GL_ARB_shading_language_420pack GL_ARB_shading_language_include GL_ARB_shading_language_packing GL_ARB_spirv_extensions GL_ARB_stencil_texturing GL_ARB_sync GL_ARB_tessellation_shader GL_ARB_texture_barrier GL_ARB_texture_buffer_object GL_ARB_texture_buffer_object_rgb32 GL_ARB_texture_buffer_range GL_ARB_texture_compression_bptc GL_ARB_texture_compression_rgtc GL_ARB_texture_cube_map_array GL_ARB_texture_filter_anisotropic GL_ARB_texture_float GL_ARB_texture_gather GL
_ARB_texture_mirror_clamp_to_edge GL_ARB_texture_multisample GL_ARB_texture_non_power_of_two GL_ARB_texture_query_levels GL_ARB_texture_query_lod GL_ARB_texture_rectangle GL_ARB_texture_rg GL_ARB_texture_rgb10_a2ui GL_ARB_texture_stencil8 GL_ARB_texture_storage GL_ARB_texture_storage_multisample GL_ARB_texture_swizzle GL_ARB_texture_view GL_ARB_timer_query GL_ARB_transform_feedback2 GL_ARB_transform_feedback3 GL_ARB_transform_feedback_instanced GL_ARB_transform_feedback_overflow_query GL_ARB_uniform_buffer_object GL_ARB_vertex_array_bgra GL_ARB_vertex_array_object GL_ARB_vertex_attrib_64bit GL_ARB_vertex_attrib_binding GL_ARB_vertex_buffer_object GL_ARB_vertex_shader GL_ARB_vertex_type_10f_11f_11f_rev GL_ARB_vertex_type_2_10_10_10_rev GL_ARB_viewport_array GL_ATI_blend_equation_separate GL_ATI_texture_float GL_EXT_EGL_image_storage GL_EXT_EGL_sync GL_EXT_abgr GL_EXT_blend_equation_separate GL_EXT_demote_to_helper_invocation GL_EXT_draw_buffers2 GL_EXT_draw_instanced GL_EXT_framebuffer_blit GL_EXT_framebuffer
_multisample GL_EXT_framebuffer_multisample_blit_scaled GL_EXT_framebuffer_object GL_EXT_framebuffer_sRGB GL_EXT_memory_object GL_EXT_memory_object_fd GL_EXT_packed_depth_stencil GL_EXT_packed_float GL_EXT_pixel_buffer_object GL_EXT_polygon_offset_clamp GL_EXT_provoking_vertex GL_EXT_semaphore GL_EXT_semaphore_fd GL_EXT_shader_framebuffer_fetch_non_coherent GL_EXT_shader_integer_mix GL_EXT_shader_samples_identical GL_EXT_texture_array GL_EXT_texture_compression_dxt1 GL_EXT_texture_compression_rgtc GL_EXT_texture_compression_s3tc GL_EXT_texture_filter_anisotropic GL_EXT_texture_integer GL_EXT_texture_sRGB GL_EXT_texture_sRGB_R8 GL_EXT_texture_sRGB_decode GL_EXT_texture_shadow_lod GL_EXT_texture_shared_exponent GL_EXT_texture_snorm GL_EXT_texture_swizzle GL_EXT_timer_query GL_EXT_transform_feedback GL_EXT_vertex_array_bgra GL_EXT_vertex_attrib_64bit GL_IBM_multimode_draw_arrays GL_INTEL_blackhole_render GL_INTEL_performance_query GL_KHR_blend_equation_advanced GL_KHR_context_flush_control GL_KHR_debug GL_KHR_n
o_error GL_KHR_parallel_shader_compile GL_KHR_robust_buffer_access_behavior GL_KHR_robustness GL_MESA_framebuffer_flip_y GL_MESA_pack_invert GL_MESA_shader_integer_functions GL_MESA_texture_signed_rgba GL_NV_compute_shader_derivatives GL_NV_conditional_render GL_NV_depth_clamp GL_NV_packed_depth_stencil GL_NV_texture_barrier GL_OES_EGL_image GL_S3_s3tc
OPENGL LOG: Creating OpenGL 4.5 graphics device ; Context level  <OpenGL 4.5> ; Context handle -398523024
Initialize mono
Mono path[0] = '/home/francinesevilla/Unity/Hub/Editor/2020.3.19f1/Editor/Data/Managed'
Mono path[1] = '/home/francinesevilla/Unity/Hub/Editor/2020.3.19f1/Editor/Data/MonoBleedingEdge/lib/mono/unityjit'
Mono config path = '/home/francinesevilla/Unity/Hub/Editor/2020.3.19f1/Editor/Data/MonoBleedingEdge/etc'
Using monoOptions --debugger-agent=transport=dt_socket,embedding=1,server=y,suspend=n,address=127.0.0.1:56727
Begin MonoManager ReloadAssembly
Registering precompiled unity dll's ...
Register platform support module: /home/francinesevilla/Unity/Hub/Editor/2020.3.19f1/Editor/Data/PlaybackEngines/WebGLSupport/UnityEditor.WebGL.Extensions.dll
Register platform support module: /home/francinesevilla/Unity/Hub/Editor/2020.3.19f1/Editor/Data/PlaybackEngines/MacStandaloneSupport/UnityEditor.OSXStandalone.Extensions.dll
Register platform support module: /home/francinesevilla/Unity/Hub/Editor/2020.3.19f1/Editor/Data/PlaybackEngines/WindowsStandaloneSupport/UnityEditor.WindowsStandalone.Extensions.dll
Register platform support module: /home/francinesevilla/Unity/Hub/Editor/2020.3.19f1/Editor/Data/PlaybackEngines/LinuxStandaloneSupport/UnityEditor.LinuxStandalone.Extensions.dll
Registered in 0,004738 seconds.
Native extension for LinuxStandalone target not found
Native extension for WindowsStandalone target not found
Native extension for OSXStandalone target not found
Native extension for WebGL target not found
Refreshing native plugins compatible for Editor in 90,88 ms, found 0 plugins.
Preloading 0 native plugins for Editor in 0,00 ms.
Mono: successfully reloaded assembly
- Completed reload, in  3,560 seconds
Domain Reload Profiling:
	ReloadAssembly (3560ms)
		BeginReloadAssembly (75ms)
			ExecutionOrderSort (0ms)
			DisableScriptedObjects (0ms)
			BackupInstance (0ms)
			ReleaseScriptingObjects (0ms)
			CreateAndSetChildDomain (2ms)
		EndReloadAssembly (1131ms)
			LoadAssemblies (71ms)
			RebuildTransferFunctionScriptingTraits (0ms)
			SetupTypeCache (411ms)
			ReleaseScriptCaches (0ms)
			RebuildScriptCaches (109ms)
			SetupLoadedEditorAssemblies (469ms)
				LogAssemblyErrors (0ms)
				InitializePlatformSupportModulesInManaged (14ms)
				SetLoadedEditorAssemblies (1ms)
				RefreshPlugins (91ms)
				BeforeProcessingInitializeOnLoad (16ms)
				ProcessInitializeOnLoadAttributes (260ms)
				ProcessInitializeOnLoadMethodAttributes (88ms)
				AfterProcessingInitializeOnLoad (0ms)
				EditorAssembliesLoaded (1ms)
			ExecutionOrderSort2 (0ms)
			AwakeInstancesAfterBackupRestoration (0ms)
Platform modules already initialized, skipping
Registering precompiled user dll's ...
Registered in 0,005451 seconds.
Begin MonoManager ReloadAssembly
Native extension for LinuxStandalone target not found
Native extension for WindowsStandalone target not found
Native extension for OSXStandalone target not found
Native extension for WebGL target not found
Refreshing native plugins compatible for Editor in 0,69 ms, found 0 plugins.
Preloading 0 native plugins for Editor in 0,00 ms.
Mono: successfully reloaded assembly
- Completed reload, in  2,736 seconds
Domain Reload Profiling:
	ReloadAssembly (2738ms)
		BeginReloadAssembly (314ms)
			ExecutionOrderSort (0ms)
			DisableScriptedObjects (12ms)
			BackupInstance (0ms)
			ReleaseScriptingObjects (0ms)
			CreateAndSetChildDomain (46ms)
		EndReloadAssembly (2259ms)
			LoadAssemblies (166ms)
			RebuildTransferFunctionScriptingTraits (0ms)
			SetupTypeCache (703ms)
			ReleaseScriptCaches (1ms)
			RebuildScriptCaches (113ms)
			SetupLoadedEditorAssemblies (964ms)
				LogAssemblyErrors (0ms)
				InitializePlatformSupportModulesInManaged (45ms)
				SetLoadedEditorAssemblies (1ms)
				RefreshPlugins (1ms)
				BeforeProcessingInitializeOnLoad (177ms)
				ProcessInitializeOnLoadAttributes (719ms)
				ProcessInitializeOnLoadMethodAttributes (10ms)
				AfterProcessingInitializeOnLoad (11ms)
				EditorAssembliesLoaded (1ms)
			ExecutionOrderSort2 (0ms)
			AwakeInstancesAfterBackupRestoration (16ms)
Platform modules already initialized, skipping
========================================================================
Worker process is ready to serve import requests
Launched and connected shader compiler UnityShaderCompiler after 0.01 seconds
Refreshing native plugins compatible for Editor in 0,97 ms, found 0 plugins.
Preloading 0 native plugins for Editor in 0,00 ms.
Unloading 1580 Unused Serialized files (Serialized files now loaded: 0)
System memory in use before: 93,5 MB.
System memory in use after: 83,4 MB.

Unloading 87 unused Assets to reduce memory usage. Loaded Objects now: 1952.
Total: 40,400374 ms (FindLiveObjects: 0,360148 ms CreateObjectMapping: 0,130286 ms MarkObjects: 10,839066 ms  DeleteObjects: 29,067134 ms)

AssetImportParameters requested are different than current active one (requested -> active):
  custom:video-decoder-ogg-theora: a1e56fd34408186e4bbccfd4996cb3dc -> 
  custom:container-muxer-webm: aa71ff27fc2769a1b78a27578f13a17b -> 
  custom:container-demuxer-webm: 4f35f7cbe854078d1ac9338744f61a02 -> 
  custom:container-demuxer-ogg: 62fdf1f143b41e24485cea50d1cbac27 -> 
  custom:video-encoder-webm-vp8: eb34c28f22e8b96e1ab97ce403110664 -> 
  custom:video-decoder-webm-vp8: 9c59270c3fd7afecdb556c50c9e8de78 -> 
  custom:audio-decoder-ogg-vorbis: bf7c407c2cedff20999df2af8eb42d56 -> 
  custom:audio-encoder-webm-vorbis: bf7c407c2cedff20999df2af8eb42d56 -> 
========================================================================
Received Import Request.
  path: Assets/personaje.unity
  artifactKey: Guid(73ed006a04a92fca8ad8353d4fbba0b3) Importer(815301076,1909f56bfc062723c751e8b465ee728b)
Start importing Assets/personaje.unity using Guid(73ed006a04a92fca8ad8353d4fbba0b3) Importer(815301076,1909f56bfc062723c751e8b465ee728b)  -> (artifact id: '630dcf8b426026054cb534ec5fe1f112') in 0,052998 seconds 
  Import took 0,060028 seconds .

========================================================================
Received Import Request.
  Time since last request: 2,921163 seconds.
  path: Assets/Scenes/Level1.unity
  artifactKey: Guid(9fc0d4010bbf28b4594072e72b8655ab) Importer(815301076,1909f56bfc062723c751e8b465ee728b)
Start importing Assets/Scenes/Level1.unity using Guid(9fc0d4010bbf28b4594072e72b8655ab) Importer(815301076,1909f56bfc062723c751e8b465ee728b)  -> (artifact id: '38a1062512cc33ed5698fb18bdf80819') in 0,001978 seconds 
  Import took 0,007673 seconds .

========================================================================
Received Import Request.
  Time since last request: 18,611667 seconds.
  path: Assets/SD Unity-Chan Haon Custom/Prefabs/Set/LS Preview SD Unity-chan.prefab
  artifactKey: Guid(fdf678a7193c58346a367114b3da57ac) Importer(815301076,1909f56bfc062723c751e8b465ee728b)
Start importing Assets/SD Unity-Chan Haon Custom/Prefabs/Set/LS Preview SD Unity-chan.prefab using Guid(fdf678a7193c58346a367114b3da57ac) Importer(815301076,1909f56bfc062723c751e8b465ee728b)  -> (artifact id: '8524e7614981dc74fba00bf9b3e3a074') in 0,562632 seconds 
  Import took 0,571585 seconds .

========================================================================
Received Import Request.
  Time since last request: 0,000284 seconds.
  path: Assets/SD Unity-Chan Haon Custom/Prefabs/Set/Set Costume_02 SD Unity-Chan.prefab
  artifactKey: Guid(9d4dd85afa58a17438e34b09e8d15f77) Importer(815301076,1909f56bfc062723c751e8b465ee728b)
Start importing Assets/SD Unity-Chan Haon Custom/Prefabs/Set/Set Costume_02 SD Unity-Chan.prefab using Guid(9d4dd85afa58a17438e34b09e8d15f77) Importer(815301076,1909f56bfc062723c751e8b465ee728b)  -> (artifact id: 'a159941c7fd634440b19a0881c058894') in 0,083935 seconds 
  Import took 0,093925 seconds .

========================================================================
Received Import Request.
  Time since last request: 0,000263 seconds.
  path: Assets/SD Unity-Chan Haon Custom/Prefabs/Set/Set Costume_03 SD Unity-Chan.prefab
  artifactKey: Guid(3ce5f30162abffb4cb663f89f504ae9e) Importer(815301076,1909f56bfc062723c751e8b465ee728b)
Start importing Assets/SD Unity-Chan Haon Custom/Prefabs/Set/Set Costume_03 SD Unity-Chan.prefab using Guid(3ce5f30162abffb4cb663f89f504ae9e) Importer(815301076,1909f56bfc062723c751e8b465ee728b)  -> (artifact id: '5b38dd55826aca3f430e7533221bc688') in 0,072680 seconds 
  Import took 0,082034 seconds .

========================================================================
Received Import Request.
  Time since last request: 0,000577 seconds.
  path: Assets/SD Unity-Chan Haon Custom/Prefabs/Set/Set Costume_03 SD Yuko.prefab
  artifactKey: Guid(2b530a6fa5657a341950a3628aadffda) Importer(815301076,1909f56bfc062723c751e8b465ee728b)
Start importing Assets/SD Unity-Chan Haon Custom/Prefabs/Set/Set Costume_03 SD Yuko.prefab using Guid(2b530a6fa5657a341950a3628aadffda) Importer(815301076,1909f56bfc062723c751e8b465ee728b)  -> (artifact id: 'd2f7b60f654814f0448f69fd2b9104fd') in 0,083744 seconds 
  Import took 0,098024 seconds .

========================================================================
Received Import Request.
  Time since last request: 0,000822 seconds.
  path: Assets/SD Unity-Chan Haon Custom/Prefabs/Set/Set Costume_02 SD Unity-Chan WGS.prefab
  artifactKey: Guid(485d662c63590f74dac20be0cf684019) Importer(815301076,1909f56bfc062723c751e8b465ee728b)
Start importing Assets/SD Unity-Chan Haon Custom/Prefabs/Set/Set Costume_02 SD Unity-Chan WGS.prefab using Guid(485d662c63590f74dac20be0cf684019) Importer(815301076,1909f56bfc062723c751e8b465ee728b)  -> (artifact id: 'b7b46ed8d482f3e5df366b5ad79a8a2d') in 0,096336 seconds 
  Import took 0,109825 seconds .

========================================================================
Received Import Request.
  Time since last request: 0,000330 seconds.
  path: Assets/SD Unity-Chan Haon Custom/Prefabs/Set/Set Costume_02 SD Unity-Chan WTD.prefab
  artifactKey: Guid(9567168e85118da4a9e668d51492efb1) Importer(815301076,1909f56bfc062723c751e8b465ee728b)
Start importing Assets/SD Unity-Chan Haon Custom/Prefabs/Set/Set Costume_02 SD Unity-Chan WTD.prefab using Guid(9567168e85118da4a9e668d51492efb1) Importer(815301076,1909f56bfc062723c751e8b465ee728b)  -> (artifact id: 'e166da45cff3e96b3ae055834594079d') in 0,095447 seconds 
  Import took 0,106770 seconds .

========================================================================
Received Import Request.
  Time since last request: 0,000317 seconds.
  path: Assets/SD Unity-Chan Haon Custom/Prefabs/Set/Set Costume_02 SD Misaki.prefab
  artifactKey: Guid(0da59bd1f7117f84a8b59d383effdaef) Importer(815301076,1909f56bfc062723c751e8b465ee728b)
Start importing Assets/SD Unity-Chan Haon Custom/Prefabs/Set/Set Costume_02 SD Misaki.prefab using Guid(0da59bd1f7117f84a8b59d383effdaef) Importer(815301076,1909f56bfc062723c751e8b465ee728b)  -> (artifact id: 'c9ba64415bccc1ce6c530c4f99f30d40') in 0,070545 seconds 
  Import took 0,078682 seconds .

========================================================================
Received Import Request.
  Time since last request: 0,000327 seconds.
  path: Assets/SD Unity-Chan Haon Custom/Prefabs/Set/Set Costume_02 SD Yuko.prefab
  artifactKey: Guid(b2dfadfada0fd634ebbfc36909e42c1c) Importer(815301076,1909f56bfc062723c751e8b465ee728b)
Start importing Assets/SD Unity-Chan Haon Custom/Prefabs/Set/Set Costume_02 SD Yuko.prefab using Guid(b2dfadfada0fd634ebbfc36909e42c1c) Importer(815301076,1909f56bfc062723c751e8b465ee728b)  -> (artifact id: '22a311f90ba5f122cfc7d2b7b1a6a2c3') in 0,075440 seconds 
  Import took 0,085450 seconds .

========================================================================
Received Import Request.
  Time since last request: 0,000309 seconds.
  path: Assets/SD Unity-Chan Haon Custom/Prefabs/Set/Set Costume_03 SD Misaki.prefab
  artifactKey: Guid(ca32052da591292429d1375304e1cc62) Importer(815301076,1909f56bfc062723c751e8b465ee728b)
Start importing Assets/SD Unity-Chan Haon Custom/Prefabs/Set/Set Costume_03 SD Misaki.prefab using Guid(ca32052da591292429d1375304e1cc62) Importer(815301076,1909f56bfc062723c751e8b465ee728b)  -> (artifact id: '7c3a3438a19c8390c646b13a44a54f87') in 0,086058 seconds 
  Import took 0,096162 seconds .

========================================================================
Received Import Request.
  Time since last request: 0,000367 seconds.
  path: Assets/SD Unity-Chan Haon Custom/Prefabs/Set/Set Costume_01 SD Unity-Chan.prefab
  artifactKey: Guid(234a458d2bc9de040834a24c42610268) Importer(815301076,1909f56bfc062723c751e8b465ee728b)
Start importing Assets/SD Unity-Chan Haon Custom/Prefabs/Set/Set Costume_01 SD Unity-Chan.prefab using Guid(234a458d2bc9de040834a24c42610268) Importer(815301076,1909f56bfc062723c751e8b465ee728b)  -> (artifact id: 'cf879cf1ad6b19f51c5f4eda78c8f508') in 0,086364 seconds 
  Import took 0,096296 seconds .

========================================================================
Received Prepare
Registering precompiled user dll's ...
Registered in 0,005942 seconds.
Begin MonoManager ReloadAssembly
Native extension for LinuxStandalone target not found
Native extension for WindowsStandalone target not found
Native extension for OSXStandalone target not found
Native extension for WebGL target not found
Refreshing native plugins compatible for Editor in 1,58 ms, found 0 plugins.
Preloading 0 native plugins for Editor in 0,00 ms.
Mono: successfully reloaded assembly
- Completed reload, in  4,110 seconds
Domain Reload Profiling:
	ReloadAssembly (4113ms)
		BeginReloadAssembly (433ms)
			ExecutionOrderSort (0ms)
			DisableScriptedObjects (23ms)
			BackupInstance (0ms)
			ReleaseScriptingObjects (0ms)
			CreateAndSetChildDomain (206ms)
		EndReloadAssembly (3422ms)
			LoadAssemblies (298ms)
			RebuildTransferFunctionScriptingTraits (0ms)
			SetupTypeCache (1163ms)
			ReleaseScriptCaches (3ms)
			RebuildScriptCaches (206ms)
			SetupLoadedEditorAssemblies (1263ms)
				LogAssemblyErrors (0ms)
				InitializePlatformSupportModulesInManaged (73ms)
				SetLoadedEditorAssemblies (1ms)
				RefreshPlugins (2ms)
				BeforeProcessingInitializeOnLoad (128ms)
				ProcessInitializeOnLoadAttributes (1019ms)
				ProcessInitializeOnLoadMethodAttributes (14ms)
				AfterProcessingInitializeOnLoad (23ms)
				EditorAssembliesLoaded (1ms)
			ExecutionOrderSort2 (0ms)
			AwakeInstancesAfterBackupRestoration (29ms)
Platform modules already initialized, skipping
Refreshing native plugins compatible for Editor in 0,67 ms, found 0 plugins.
Preloading 0 native plugins for Editor in 0,00 ms.
Unloading 1533 Unused Serialized files (Serialized files now loaded: 0)
System memory in use before: 91,3 MB.
System memory in use after: 81,4 MB.

Unloading 81 unused Assets to reduce memory usage. Loaded Objects now: 1962.
Total: 31,754439 ms (FindLiveObjects: 0,327532 ms CreateObjectMapping: 0,113790 ms MarkObjects: 11,746605 ms  DeleteObjects: 19,563264 ms)

AssetImportParameters requested are different than current active one (requested -> active):
  custom:video-decoder-ogg-theora: a1e56fd34408186e4bbccfd4996cb3dc -> 
  custom:container-muxer-webm: aa71ff27fc2769a1b78a27578f13a17b -> 
  custom:container-demuxer-webm: 4f35f7cbe854078d1ac9338744f61a02 -> 
  custom:container-demuxer-ogg: 62fdf1f143b41e24485cea50d1cbac27 -> 
  custom:video-encoder-webm-vp8: eb34c28f22e8b96e1ab97ce403110664 -> 
  custom:video-decoder-webm-vp8: 9c59270c3fd7afecdb556c50c9e8de78 -> 
  custom:audio-decoder-ogg-vorbis: bf7c407c2cedff20999df2af8eb42d56 -> 
  custom:audio-encoder-webm-vorbis: bf7c407c2cedff20999df2af8eb42d56 -> 
========================================================================
Received Prepare
Registering precompiled user dll's ...
Registered in 0,008843 seconds.
Begin MonoManager ReloadAssembly
Native extension for LinuxStandalone target not found
Native extension for WindowsStandalone target not found
Native extension for OSXStandalone target not found
Native extension for WebGL target not found
Refreshing native plugins compatible for Editor in 1,07 ms, found 0 plugins.
Preloading 0 native plugins for Editor in 0,00 ms.
Mono: successfully reloaded assembly
- Completed reload, in  4,529 seconds
Domain Reload Profiling:
	ReloadAssembly (4531ms)
		BeginReloadAssembly (334ms)
			ExecutionOrderSort (0ms)
			DisableScriptedObjects (17ms)
			BackupInstance (0ms)
			ReleaseScriptingObjects (0ms)
			CreateAndSetChildDomain (141ms)
		EndReloadAssembly (3918ms)
			LoadAssemblies (345ms)
			RebuildTransferFunctionScriptingTraits (0ms)
			SetupTypeCache (1392ms)
			ReleaseScriptCaches (2ms)
			RebuildScriptCaches (239ms)
			SetupLoadedEditorAssemblies (1373ms)
				LogAssemblyErrors (0ms)
				InitializePlatformSupportModulesInManaged (114ms)
				SetLoadedEditorAssemblies (1ms)
				RefreshPlugins (1ms)
				BeforeProcessingInitializeOnLoad (229ms)
				ProcessInitializeOnLoadAttributes (988ms)
				ProcessInitializeOnLoadMethodAttributes (20ms)
				AfterProcessingInitializeOnLoad (17ms)
				EditorAssembliesLoaded (1ms)
			ExecutionOrderSort2 (0ms)
			AwakeInstancesAfterBackupRestoration (37ms)
Platform modules already initialized, skipping
Refreshing native plugins compatible for Editor in 3,05 ms, found 0 plugins.
Preloading 0 native plugins for Editor in 0,00 ms.
Unloading 1532 Unused Serialized files (Serialized files now loaded: 0)
System memory in use before: 91,1 MB.
System memory in use after: 81,3 MB.

Unloading 81 unused Assets to reduce memory usage. Loaded Objects now: 1964.
Total: 60,234148 ms (FindLiveObjects: 0,348953 ms CreateObjectMapping: 0,161852 ms MarkObjects: 20,752351 ms  DeleteObjects: 38,958904 ms)

AssetImportParameters requested are different than current active one (requested -> active):
  custom:video-decoder-ogg-theora: a1e56fd34408186e4bbccfd4996cb3dc -> 
  custom:container-muxer-webm: aa71ff27fc2769a1b78a27578f13a17b -> 
  custom:container-demuxer-webm: 4f35f7cbe854078d1ac9338744f61a02 -> 
  custom:container-demuxer-ogg: 62fdf1f143b41e24485cea50d1cbac27 -> 
  custom:video-encoder-webm-vp8: eb34c28f22e8b96e1ab97ce403110664 -> 
  custom:video-decoder-webm-vp8: 9c59270c3fd7afecdb556c50c9e8de78 -> 
  custom:audio-decoder-ogg-vorbis: bf7c407c2cedff20999df2af8eb42d56 -> 
  custom:audio-encoder-webm-vorbis: bf7c407c2cedff20999df2af8eb42d56 -> 
========================================================================
Received Import Request.
  Time since last request: 718,441219 seconds.
  path: Assets/Prefabs/Set Costume_03 SD Misaki.prefab
  artifactKey: Guid(b7895636f65e2eb6f9467d0fa9153b3d) Importer(815301076,1909f56bfc062723c751e8b465ee728b)
Start importing Assets/Prefabs/Set Costume_03 SD Misaki.prefab using Guid(b7895636f65e2eb6f9467d0fa9153b3d) Importer(815301076,1909f56bfc062723c751e8b465ee728b)  -> (artifact id: '8104577c934d6bf9f6cc3084c8284a11') in 0,304762 seconds 
  Import took 0,317126 seconds .

========================================================================
Received Import Request.
  Time since last request: 93,749121 seconds.
  path: Assets/Scripts/PlayerController.cs
  artifactKey: Guid(c1a165d5780b80aa399b24a35e53c985) Importer(815301076,1909f56bfc062723c751e8b465ee728b)
Start importing Assets/Scripts/PlayerController.cs using Guid(c1a165d5780b80aa399b24a35e53c985) Importer(815301076,1909f56bfc062723c751e8b465ee728b)  -> (artifact id: '1f918e3325256902bd4a136a695d84e2') in 0,004396 seconds 
  Import took 0,012400 seconds .

========================================================================
Received Prepare
Registering precompiled user dll's ...
Registered in 0,011451 seconds.
Begin MonoManager ReloadAssembly
Native extension for LinuxStandalone target not found
Native extension for WindowsStandalone target not found
Native extension for OSXStandalone target not found
Native extension for WebGL target not found
Refreshing native plugins compatible for Editor in 1,13 ms, found 0 plugins.
Preloading 0 native plugins for Editor in 0,00 ms.
Mono: successfully reloaded assembly
- Completed reload, in  3,824 seconds
Domain Reload Profiling:
	ReloadAssembly (3825ms)
		BeginReloadAssembly (367ms)
			ExecutionOrderSort (0ms)
			DisableScriptedObjects (21ms)
			BackupInstance (0ms)
			ReleaseScriptingObjects (0ms)
			CreateAndSetChildDomain (166ms)
		EndReloadAssembly (3214ms)
			LoadAssemblies (269ms)
			RebuildTransferFunctionScriptingTraits (0ms)
			SetupTypeCache (1097ms)
			ReleaseScriptCaches (2ms)
			RebuildScriptCaches (178ms)
			SetupLoadedEditorAssemblies (1197ms)
				LogAssemblyErrors (0ms)
				InitializePlatformSupportModulesInManaged (62ms)
				SetLoadedEditorAssemblies (2ms)
				RefreshPlugins (1ms)
				BeforeProcessingInitializeOnLoad (171ms)
				ProcessInitializeOnLoadAttributes (917ms)
				ProcessInitializeOnLoadMethodAttributes (16ms)
				AfterProcessingInitializeOnLoad (27ms)
				EditorAssembliesLoaded (1ms)
			ExecutionOrderSort2 (0ms)
			AwakeInstancesAfterBackupRestoration (40ms)
Platform modules already initialized, skipping
Refreshing native plugins compatible for Editor in 1,13 ms, found 0 plugins.
Preloading 0 native plugins for Editor in 0,00 ms.
Unloading 1533 Unused Serialized files (Serialized files now loaded: 0)
System memory in use before: 91,2 MB.
System memory in use after: 81,4 MB.

Unloading 81 unused Assets to reduce memory usage. Loaded Objects now: 1968.
Total: 86,379470 ms (FindLiveObjects: 0,604421 ms CreateObjectMapping: 0,298224 ms MarkObjects: 43,378280 ms  DeleteObjects: 42,093801 ms)

AssetImportParameters requested are different than current active one (requested -> active):
  custom:video-decoder-ogg-theora: a1e56fd34408186e4bbccfd4996cb3dc -> 
  custom:container-muxer-webm: aa71ff27fc2769a1b78a27578f13a17b -> 
  custom:container-demuxer-webm: 4f35f7cbe854078d1ac9338744f61a02 -> 
  custom:container-demuxer-ogg: 62fdf1f143b41e24485cea50d1cbac27 -> 
  custom:video-encoder-webm-vp8: eb34c28f22e8b96e1ab97ce403110664 -> 
  custom:video-decoder-webm-vp8: 9c59270c3fd7afecdb556c50c9e8de78 -> 
  custom:audio-decoder-ogg-vorbis: bf7c407c2cedff20999df2af8eb42d56 -> 
  custom:audio-encoder-webm-vorbis: bf7c407c2cedff20999df2af8eb42d56 -> 
========================================================================
Received Import Request.
  Time since last request: 47,612483 seconds.
  path: Assets/Scripts/PlayerController.cs
  artifactKey: Guid(c1a165d5780b80aa399b24a35e53c985) Importer(815301076,1909f56bfc062723c751e8b465ee728b)
Start importing Assets/Scripts/PlayerController.cs using Guid(c1a165d5780b80aa399b24a35e53c985) Importer(815301076,1909f56bfc062723c751e8b465ee728b)  -> (artifact id: 'f3ff3572f04bfeb1962abfb8896e173b') in 0,012486 seconds 
  Import took 0,020172 seconds .

========================================================================
Received Prepare
Registering precompiled user dll's ...
Registered in 0,007017 seconds.
Begin MonoManager ReloadAssembly
Native extension for LinuxStandalone target not found
Native extension for WindowsStandalone target not found
Native extension for OSXStandalone target not found
Native extension for WebGL target not found
Refreshing native plugins compatible for Editor in 1,06 ms, found 0 plugins.
Preloading 0 native plugins for Editor in 0,00 ms.
Mono: successfully reloaded assembly
- Completed reload, in  3,771 seconds
Domain Reload Profiling:
	ReloadAssembly (3772ms)
		BeginReloadAssembly (343ms)
			ExecutionOrderSort (0ms)
			DisableScriptedObjects (16ms)
			BackupInstance (0ms)
			ReleaseScriptingObjects (0ms)
			CreateAndSetChildDomain (160ms)
		EndReloadAssembly (3203ms)
			LoadAssemblies (250ms)
			RebuildTransferFunctionScriptingTraits (0ms)
			SetupTypeCache (1065ms)
			ReleaseScriptCaches (2ms)
			RebuildScriptCaches (153ms)
			SetupLoadedEditorAssemblies (1335ms)
				LogAssemblyErrors (0ms)
				InitializePlatformSupportModulesInManaged (53ms)
				SetLoadedEditorAssemblies (2ms)
				RefreshPlugins (1ms)
				BeforeProcessingInitializeOnLoad (165ms)
				ProcessInitializeOnLoadAttributes (1081ms)
				ProcessInitializeOnLoadMethodAttributes (16ms)
				AfterProcessingInitializeOnLoad (18ms)
				EditorAssembliesLoaded (1ms)
			ExecutionOrderSort2 (0ms)
			AwakeInstancesAfterBackupRestoration (26ms)
Platform modules already initialized, skipping
Refreshing native plugins compatible for Editor in 1,05 ms, found 0 plugins.
Preloading 0 native plugins for Editor in 0,00 ms.
Unloading 1533 Unused Serialized files (Serialized files now loaded: 0)
System memory in use before: 91,2 MB.
System memory in use after: 81,4 MB.

Unloading 81 unused Assets to reduce memory usage. Loaded Objects now: 1970.
Total: 45,668899 ms (FindLiveObjects: 0,487478 ms CreateObjectMapping: 0,150478 ms MarkObjects: 13,588843 ms  DeleteObjects: 31,438106 ms)

AssetImportParameters requested are different than current active one (requested -> active):
  custom:video-decoder-ogg-theora: a1e56fd34408186e4bbccfd4996cb3dc -> 
  custom:container-muxer-webm: aa71ff27fc2769a1b78a27578f13a17b -> 
  custom:container-demuxer-webm: 4f35f7cbe854078d1ac9338744f61a02 -> 
  custom:container-demuxer-ogg: 62fdf1f143b41e24485cea50d1cbac27 -> 
  custom:video-encoder-webm-vp8: eb34c28f22e8b96e1ab97ce403110664 -> 
  custom:video-decoder-webm-vp8: 9c59270c3fd7afecdb556c50c9e8de78 -> 
  custom:audio-decoder-ogg-vorbis: bf7c407c2cedff20999df2af8eb42d56 -> 
  custom:audio-encoder-webm-vorbis: bf7c407c2cedff20999df2af8eb42d56 -> 
========================================================================
Received Import Request.
  Time since last request: 153,085764 seconds.
  path: Assets/Prefabs/Set Costume_03 SD Misaki.prefab
  artifactKey: Guid(b7895636f65e2eb6f9467d0fa9153b3d) Importer(815301076,1909f56bfc062723c751e8b465ee728b)
Start importing Assets/Prefabs/Set Costume_03 SD Misaki.prefab using Guid(b7895636f65e2eb6f9467d0fa9153b3d) Importer(815301076,1909f56bfc062723c751e8b465ee728b)  -> (artifact id: 'b213cf721e70f78715ac98d52d964e8a') in 0,726380 seconds 
  Import took 0,737761 seconds .

========================================================================
Received Prepare
Registering precompiled user dll's ...
Registered in 0,007828 seconds.
Begin MonoManager ReloadAssembly
Native extension for LinuxStandalone target not found
Native extension for WindowsStandalone target not found
Native extension for OSXStandalone target not found
Native extension for WebGL target not found
Refreshing native plugins compatible for Editor in 1,07 ms, found 0 plugins.
Preloading 0 native plugins for Editor in 0,00 ms.
Mono: successfully reloaded assembly
- Completed reload, in  3,910 seconds
Domain Reload Profiling:
	ReloadAssembly (3911ms)
		BeginReloadAssembly (326ms)
			ExecutionOrderSort (0ms)
			DisableScriptedObjects (17ms)
			BackupInstance (0ms)
			ReleaseScriptingObjects (0ms)
			CreateAndSetChildDomain (114ms)
		EndReloadAssembly (3324ms)
			LoadAssemblies (290ms)
			RebuildTransferFunctionScriptingTraits (0ms)
			SetupTypeCache (1156ms)
			ReleaseScriptCaches (2ms)
			RebuildScriptCaches (213ms)
			SetupLoadedEditorAssemblies (1247ms)
				LogAssemblyErrors (0ms)
				InitializePlatformSupportModulesInManaged (55ms)
				SetLoadedEditorAssemblies (2ms)
				RefreshPlugins (1ms)
				BeforeProcessingInitializeOnLoad (217ms)
				ProcessInitializeOnLoadAttributes (936ms)
				ProcessInitializeOnLoadMethodAttributes (15ms)
				AfterProcessingInitializeOnLoad (20ms)
				EditorAssembliesLoaded (1ms)
			ExecutionOrderSort2 (0ms)
			AwakeInstancesAfterBackupRestoration (28ms)
Platform modules already initialized, skipping
Refreshing native plugins compatible for Editor in 1,17 ms, found 0 plugins.
Preloading 0 native plugins for Editor in 0,00 ms.
Unloading 1533 Unused Serialized files (Serialized files now loaded: 0)
System memory in use before: 91,4 MB.
System memory in use after: 81,6 MB.

Unloading 81 unused Assets to reduce memory usage. Loaded Objects now: 1973.
Total: 48,613281 ms (FindLiveObjects: 0,609421 ms CreateObjectMapping: 0,264303 ms MarkObjects: 13,718332 ms  DeleteObjects: 34,016936 ms)

AssetImportParameters requested are different than current active one (requested -> active):
  custom:video-decoder-ogg-theora: a1e56fd34408186e4bbccfd4996cb3dc -> 
  custom:container-muxer-webm: aa71ff27fc2769a1b78a27578f13a17b -> 
  custom:container-demuxer-webm: 4f35f7cbe854078d1ac9338744f61a02 -> 
  custom:container-demuxer-ogg: 62fdf1f143b41e24485cea50d1cbac27 -> 
  custom:video-encoder-webm-vp8: eb34c28f22e8b96e1ab97ce403110664 -> 
  custom:video-decoder-webm-vp8: 9c59270c3fd7afecdb556c50c9e8de78 -> 
  custom:audio-decoder-ogg-vorbis: bf7c407c2cedff20999df2af8eb42d56 -> 
  custom:audio-encoder-webm-vorbis: bf7c407c2cedff20999df2af8eb42d56 -> 
========================================================================
Received Prepare
Registering precompiled user dll's ...
Registered in 0,007822 seconds.
Begin MonoManager ReloadAssembly
Native extension for LinuxStandalone target not found
Native extension for WindowsStandalone target not found
Native extension for OSXStandalone target not found
Native extension for WebGL target not found
Refreshing native plugins compatible for Editor in 1,04 ms, found 0 plugins.
Preloading 0 native plugins for Editor in 0,00 ms.
Mono: successfully reloaded assembly
- Completed reload, in  3,536 seconds
Domain Reload Profiling:
	ReloadAssembly (3537ms)
		BeginReloadAssembly (305ms)
			ExecutionOrderSort (0ms)
			DisableScriptedObjects (16ms)
			BackupInstance (0ms)
			ReleaseScriptingObjects (0ms)
			CreateAndSetChildDomain (145ms)
		EndReloadAssembly (3007ms)
			LoadAssemblies (234ms)
			RebuildTransferFunctionScriptingTraits (0ms)
			SetupTypeCache (1031ms)
			ReleaseScriptCaches (2ms)
			RebuildScriptCaches (154ms)
			SetupLoadedEditorAssemblies (1150ms)
				LogAssemblyErrors (0ms)
				InitializePlatformSupportModulesInManaged (52ms)
				SetLoadedEditorAssemblies (2ms)
				RefreshPlugins (1ms)
				BeforeProcessingInitializeOnLoad (169ms)
				ProcessInitializeOnLoadAttributes (891ms)
				ProcessInitializeOnLoadMethodAttributes (17ms)
				AfterProcessingInitializeOnLoad (17ms)
				EditorAssembliesLoaded (1ms)
			ExecutionOrderSort2 (0ms)
			AwakeInstancesAfterBackupRestoration (24ms)
Platform modules already initialized, skipping
Refreshing native plugins compatible for Editor in 1,05 ms, found 0 plugins.
Preloading 0 native plugins for Editor in 0,00 ms.
Unloading 1533 Unused Serialized files (Serialized files now loaded: 0)
System memory in use before: 91,4 MB.
System memory in use after: 81,6 MB.

Unloading 81 unused Assets to reduce memory usage. Loaded Objects now: 1975.
Total: 58,437748 ms (FindLiveObjects: 0,501042 ms CreateObjectMapping: 0,155474 ms MarkObjects: 19,532561 ms  DeleteObjects: 38,243832 ms)

AssetImportParameters requested are different than current active one (requested -> active):
  custom:video-decoder-ogg-theora: a1e56fd34408186e4bbccfd4996cb3dc -> 
  custom:container-muxer-webm: aa71ff27fc2769a1b78a27578f13a17b -> 
  custom:container-demuxer-webm: 4f35f7cbe854078d1ac9338744f61a02 -> 
  custom:container-demuxer-ogg: 62fdf1f143b41e24485cea50d1cbac27 -> 
  custom:video-encoder-webm-vp8: eb34c28f22e8b96e1ab97ce403110664 -> 
  custom:video-decoder-webm-vp8: 9c59270c3fd7afecdb556c50c9e8de78 -> 
  custom:audio-decoder-ogg-vorbis: bf7c407c2cedff20999df2af8eb42d56 -> 
  custom:audio-encoder-webm-vorbis: bf7c407c2cedff20999df2af8eb42d56 -> 
========================================================================
Received Prepare
Registering precompiled user dll's ...
Registered in 0,003980 seconds.
Begin MonoManager ReloadAssembly
Native extension for LinuxStandalone target not found
Native extension for WindowsStandalone target not found
Native extension for OSXStandalone target not found
Native extension for WebGL target not found
Refreshing native plugins compatible for Editor in 0,64 ms, found 0 plugins.
Preloading 0 native plugins for Editor in 0,00 ms.
Mono: successfully reloaded assembly
- Completed reload, in  2,340 seconds
Domain Reload Profiling:
	ReloadAssembly (2340ms)
		BeginReloadAssembly (217ms)
			ExecutionOrderSort (0ms)
			DisableScriptedObjects (12ms)
			BackupInstance (0ms)
			ReleaseScriptingObjects (0ms)
			CreateAndSetChildDomain (89ms)
		EndReloadAssembly (1973ms)
			LoadAssemblies (178ms)
			RebuildTransferFunctionScriptingTraits (0ms)
			SetupTypeCache (642ms)
			ReleaseScriptCaches (1ms)
			RebuildScriptCaches (102ms)
			SetupLoadedEditorAssemblies (788ms)
				LogAssemblyErrors (0ms)
				InitializePlatformSupportModulesInManaged (37ms)
				SetLoadedEditorAssemblies (1ms)
				RefreshPlugins (1ms)
				BeforeProcessingInitializeOnLoad (114ms)
				ProcessInitializeOnLoadAttributes (612ms)
				ProcessInitializeOnLoadMethodAttributes (11ms)
				AfterProcessingInitializeOnLoad (11ms)
				EditorAssembliesLoaded (1ms)
			ExecutionOrderSort2 (0ms)
			AwakeInstancesAfterBackupRestoration (17ms)
Platform modules already initialized, skipping
Refreshing native plugins compatible for Editor in 0,54 ms, found 0 plugins.
Preloading 0 native plugins for Editor in 0,00 ms.
Unloading 1459 Unused Serialized files (Serialized files now loaded: 0)
System memory in use before: 73,7 MB.
System memory in use after: 73,8 MB.

Unloading 11 unused Assets to reduce memory usage. Loaded Objects now: 1977.
Total: 10,241180 ms (FindLiveObjects: 0,335778 ms CreateObjectMapping: 0,171368 ms MarkObjects: 9,667292 ms  DeleteObjects: 0,064439 ms)

AssetImportParameters requested are different than current active one (requested -> active):
  custom:video-decoder-ogg-theora: a1e56fd34408186e4bbccfd4996cb3dc -> 
  custom:container-muxer-webm: aa71ff27fc2769a1b78a27578f13a17b -> 
  custom:container-demuxer-webm: 4f35f7cbe854078d1ac9338744f61a02 -> 
  custom:container-demuxer-ogg: 62fdf1f143b41e24485cea50d1cbac27 -> 
  custom:video-encoder-webm-vp8: eb34c28f22e8b96e1ab97ce403110664 -> 
  custom:video-decoder-webm-vp8: 9c59270c3fd7afecdb556c50c9e8de78 -> 
  custom:audio-decoder-ogg-vorbis: bf7c407c2cedff20999df2af8eb42d56 -> 
  custom:audio-encoder-webm-vorbis: bf7c407c2cedff20999df2af8eb42d56 -> 
========================================================================
Received Import Request.
  Time since last request: 535,088284 seconds.
  path: Assets/Plugins/Wolf3D
  artifactKey: Guid(3a0ef4c40b44c08449bd1881374239af) Importer(815301076,1909f56bfc062723c751e8b465ee728b)
Start importing Assets/Plugins/Wolf3D using Guid(3a0ef4c40b44c08449bd1881374239af) Importer(815301076,1909f56bfc062723c751e8b465ee728b)  -> (artifact id: 'f2adbf0d4d7b6a61c18bcce4dc1fd53d') in 0,008585 seconds 
  Import took 0,016552 seconds .

========================================================================
Received Import Request.
  Time since last request: 0,945516 seconds.
  path: Assets/Plugins/Wolf3D/RPM Avatar Pack
  artifactKey: Guid(8264281a0f6523f458bcbba58d1cfabe) Importer(815301076,1909f56bfc062723c751e8b465ee728b)
Start importing Assets/Plugins/Wolf3D/RPM Avatar Pack using Guid(8264281a0f6523f458bcbba58d1cfabe) Importer(815301076,1909f56bfc062723c751e8b465ee728b)  -> (artifact id: '912804de39b59f61eea14dcf553d26b6') in 0,002072 seconds 
  Import took 0,009143 seconds .

========================================================================
Received Import Request.
  Time since last request: 2,541135 seconds.
  path: Assets/Plugins/Wolf3D/RPM Avatar Pack/Prefabs
  artifactKey: Guid(ee7bc0e942d2fe744b4d60baadad6232) Importer(815301076,1909f56bfc062723c751e8b465ee728b)
Start importing Assets/Plugins/Wolf3D/RPM Avatar Pack/Prefabs using Guid(ee7bc0e942d2fe744b4d60baadad6232) Importer(815301076,1909f56bfc062723c751e8b465ee728b)  -> (artifact id: '29fdd3989b55d10ca6e33a87ac44afec') in 0,001948 seconds 
  Import took 0,009484 seconds .

========================================================================
Received Import Request.
  Time since last request: 2,239081 seconds.
  path: Assets/Plugins/Wolf3D/RPM Avatar Pack/Prefabs/Male
  artifactKey: Guid(f12140c41102c4e43ab9a94f32399465) Importer(815301076,1909f56bfc062723c751e8b465ee728b)
Start importing Assets/Plugins/Wolf3D/RPM Avatar Pack/Prefabs/Male using Guid(f12140c41102c4e43ab9a94f32399465) Importer(815301076,1909f56bfc062723c751e8b465ee728b)  -> (artifact id: 'ad235eaae3a5f4781602352e3f7190ff') in 0,002073 seconds 
  Import took 0,008847 seconds .

========================================================================
Received Import Request.
  Time since last request: 0,106126 seconds.
  path: Assets/Plugins/Wolf3D/RPM Avatar Pack/Prefabs/Male/Male_01_V01.prefab
  artifactKey: Guid(beb9e839b531a744c877a785deeaa302) Importer(815301076,1909f56bfc062723c751e8b465ee728b)
Start importing Assets/Plugins/Wolf3D/RPM Avatar Pack/Prefabs/Male/Male_01_V01.prefab using Guid(beb9e839b531a744c877a785deeaa302) Importer(815301076,1909f56bfc062723c751e8b465ee728b)  -> (artifact id: 'f187e0a366bb85ea591bee07dc78afa5') in 0,932543 seconds 
  Import took 0,939140 seconds .

========================================================================
Received Import Request.
  Time since last request: 0,000359 seconds.
  path: Assets/Plugins/Wolf3D/RPM Avatar Pack/Prefabs/Male/Male_05_V02.prefab
  artifactKey: Guid(d22a4e793689c1c42863bc82ea7c61c8) Importer(815301076,1909f56bfc062723c751e8b465ee728b)
Start importing Assets/Plugins/Wolf3D/RPM Avatar Pack/Prefabs/Male/Male_05_V02.prefab using Guid(d22a4e793689c1c42863bc82ea7c61c8) Importer(815301076,1909f56bfc062723c751e8b465ee728b)  -> (artifact id: 'd471965c3545a9879f95e69a8ac60fba') in 0,063948 seconds 
  Import took 0,073490 seconds .

========================================================================
Received Import Request.
  Time since last request: 0,000748 seconds.
  path: Assets/Plugins/Wolf3D/RPM Avatar Pack/Prefabs/Male/Male_04_V01.prefab
  artifactKey: Guid(cfdeca144f90cd94cafba1202ea90251) Importer(815301076,1909f56bfc062723c751e8b465ee728b)
Start importing Assets/Plugins/Wolf3D/RPM Avatar Pack/Prefabs/Male/Male_04_V01.prefab using Guid(cfdeca144f90cd94cafba1202ea90251) Importer(815301076,1909f56bfc062723c751e8b465ee728b)  -> (artifact id: 'e174eef587a17b0d45471dae3fc6ad18') in 0,070734 seconds 
  Import took 0,081072 seconds .

========================================================================
Received Import Request.
  Time since last request: 0,000301 seconds.
  path: Assets/Plugins/Wolf3D/RPM Avatar Pack/Prefabs/Male/Male_03_V02.prefab
  artifactKey: Guid(5e6b9bea6907a28428f58dc4c7921e93) Importer(815301076,1909f56bfc062723c751e8b465ee728b)
Start importing Assets/Plugins/Wolf3D/RPM Avatar Pack/Prefabs/Male/Male_03_V02.prefab using Guid(5e6b9bea6907a28428f58dc4c7921e93) Importer(815301076,1909f56bfc062723c751e8b465ee728b)  -> (artifact id: '3d3e8a9af7829bd8f814cd515d55b39c') in 0,081373 seconds 
  Import took 0,091398 seconds .

========================================================================
Received Import Request.
  Time since last request: 0,001034 seconds.
  path: Assets/Plugins/Wolf3D/RPM Avatar Pack/Prefabs/Male/Male_02_V01.prefab
  artifactKey: Guid(1ce6bdc03e86f854a86e058e1a9ee456) Importer(815301076,1909f56bfc062723c751e8b465ee728b)
Start importing Assets/Plugins/Wolf3D/RPM Avatar Pack/Prefabs/Male/Male_02_V01.prefab using Guid(1ce6bdc03e86f854a86e058e1a9ee456) Importer(815301076,1909f56bfc062723c751e8b465ee728b)  -> (artifact id: '501f13aad5c26e8084065fd95da452e0') in 0,090891 seconds 
  Import took 0,100280 seconds .

========================================================================
Received Import Request.
  Time since last request: 0,000272 seconds.
  path: Assets/Plugins/Wolf3D/RPM Avatar Pack/Prefabs/Male/Male_02_V02.prefab
  artifactKey: Guid(9342e78f4850070488bb798f3bbf8840) Importer(815301076,1909f56bfc062723c751e8b465ee728b)
Start importing Assets/Plugins/Wolf3D/RPM Avatar Pack/Prefabs/Male/Male_02_V02.prefab using Guid(9342e78f4850070488bb798f3bbf8840) Importer(815301076,1909f56bfc062723c751e8b465ee728b)  -> (artifact id: '3610282eb833b4f34f30d8f33ac6ec1b') in 0,077853 seconds 
  Import took 0,085553 seconds .

========================================================================
Received Import Request.
  Time since last request: 0,000333 seconds.
  path: Assets/Plugins/Wolf3D/RPM Avatar Pack/Prefabs/Male/Male_03_V01.prefab
  artifactKey: Guid(114b26d9de9ea7343998657fa56d509b) Importer(815301076,1909f56bfc062723c751e8b465ee728b)
Start importing Assets/Plugins/Wolf3D/RPM Avatar Pack/Prefabs/Male/Male_03_V01.prefab using Guid(114b26d9de9ea7343998657fa56d509b) Importer(815301076,1909f56bfc062723c751e8b465ee728b)  -> (artifact id: '34c506c5f3a68f3344d017b3786477de') in 0,084170 seconds 
  Import took 0,092783 seconds .

========================================================================
Received Import Request.
  Time since last request: 0,000320 seconds.
  path: Assets/Plugins/Wolf3D/RPM Avatar Pack/Prefabs/Male/Male_01_V02.prefab
  artifactKey: Guid(2c3c7b33f3eea7b41811d1ba0f85d750) Importer(815301076,1909f56bfc062723c751e8b465ee728b)
Start importing Assets/Plugins/Wolf3D/RPM Avatar Pack/Prefabs/Male/Male_01_V02.prefab using Guid(2c3c7b33f3eea7b41811d1ba0f85d750) Importer(815301076,1909f56bfc062723c751e8b465ee728b)  -> (artifact id: '17d308348a04b14b2d1bc1653ba9ad66') in 0,079113 seconds 
  Import took 0,089791 seconds .

========================================================================
Received Import Request.
  Time since last request: 0,000314 seconds.
  path: Assets/Plugins/Wolf3D/RPM Avatar Pack/Prefabs/Male/Male_04_V02.prefab
  artifactKey: Guid(4746c779d712f6c489ec95435d4640b9) Importer(815301076,1909f56bfc062723c751e8b465ee728b)
Start importing Assets/Plugins/Wolf3D/RPM Avatar Pack/Prefabs/Male/Male_04_V02.prefab using Guid(4746c779d712f6c489ec95435d4640b9) Importer(815301076,1909f56bfc062723c751e8b465ee728b)  -> (artifact id: '351dda1934ad8a15cbad7e43b29595a4') in 0,060443 seconds 
  Import took 0,067504 seconds .

========================================================================
Received Import Request.
  Time since last request: 0,000292 seconds.
  path: Assets/Plugins/Wolf3D/RPM Avatar Pack/Prefabs/Male/Male_05_V01.prefab
  artifactKey: Guid(d51217ff7da8a0542bbc82ad2e751041) Importer(815301076,1909f56bfc062723c751e8b465ee728b)
Start importing Assets/Plugins/Wolf3D/RPM Avatar Pack/Prefabs/Male/Male_05_V01.prefab using Guid(d51217ff7da8a0542bbc82ad2e751041) Importer(815301076,1909f56bfc062723c751e8b465ee728b)  -> (artifact id: '2d903264f3e0d0dde93b46bf2d16e30a') in 0,068381 seconds 
  Import took 0,075249 seconds .

========================================================================
Received Import Request.
  Time since last request: 0,000328 seconds.
  path: Assets/Plugins/Wolf3D/RPM Avatar Pack/Prefabs/Male/Male_06_V02.prefab
  artifactKey: Guid(2a711c012aef2f4418b90b07195f0504) Importer(815301076,1909f56bfc062723c751e8b465ee728b)
Start importing Assets/Plugins/Wolf3D/RPM Avatar Pack/Prefabs/Male/Male_06_V02.prefab using Guid(2a711c012aef2f4418b90b07195f0504) Importer(815301076,1909f56bfc062723c751e8b465ee728b)  -> (artifact id: '644c1a2769a747d772a4463eaed06762') in 0,071184 seconds 
  Import took 0,078049 seconds .

========================================================================
Received Import Request.
  Time since last request: 0,000330 seconds.
  path: Assets/Plugins/Wolf3D/RPM Avatar Pack/Prefabs/Male/Male_06_V01.prefab
  artifactKey: Guid(1303fd13f88225042865a0a372afe3e3) Importer(815301076,1909f56bfc062723c751e8b465ee728b)
Start importing Assets/Plugins/Wolf3D/RPM Avatar Pack/Prefabs/Male/Male_06_V01.prefab using Guid(1303fd13f88225042865a0a372afe3e3) Importer(815301076,1909f56bfc062723c751e8b465ee728b)  -> (artifact id: 'f3621cdd055f595426be143499eeb428') in 0,067725 seconds 
  Import took 0,078764 seconds .

========================================================================
Received Prepare
Registering precompiled user dll's ...
Registered in 0,009135 seconds.
Begin MonoManager ReloadAssembly
Native extension for LinuxStandalone target not found
Native extension for WindowsStandalone target not found
Native extension for OSXStandalone target not found
Native extension for WebGL target not found
Refreshing native plugins compatible for Editor in 2,64 ms, found 0 plugins.
Preloading 0 native plugins for Editor in 0,00 ms.
Mono: successfully reloaded assembly
- Completed reload, in  3,839 seconds
Domain Reload Profiling:
	ReloadAssembly (3840ms)
		BeginReloadAssembly (367ms)
			ExecutionOrderSort (0ms)
			DisableScriptedObjects (16ms)
			BackupInstance (0ms)
			ReleaseScriptingObjects (1ms)
			CreateAndSetChildDomain (189ms)
		EndReloadAssembly (3227ms)
			LoadAssemblies (268ms)
			RebuildTransferFunctionScriptingTraits (0ms)
			SetupTypeCache (1053ms)
			ReleaseScriptCaches (6ms)
			RebuildScriptCaches (178ms)
			SetupLoadedEditorAssemblies (1252ms)
				LogAssemblyErrors (0ms)
				InitializePlatformSupportModulesInManaged (64ms)
				SetLoadedEditorAssemblies (4ms)
				RefreshPlugins (3ms)
				BeforeProcessingInitializeOnLoad (200ms)
				ProcessInitializeOnLoadAttributes (940ms)
				ProcessInitializeOnLoadMethodAttributes (19ms)
				AfterProcessingInitializeOnLoad (20ms)
				EditorAssembliesLoaded (2ms)
			ExecutionOrderSort2 (0ms)
			AwakeInstancesAfterBackupRestoration (36ms)
Platform modules already initialized, skipping
Refreshing native plugins compatible for Editor in 1,65 ms, found 0 plugins.
Preloading 0 native plugins for Editor in 0,00 ms.
Unloading 1459 Unused Serialized files (Serialized files now loaded: 0)
System memory in use before: 74,1 MB.
System memory in use after: 74,2 MB.

Unloading 11 unused Assets to reduce memory usage. Loaded Objects now: 1980.
Total: 20,513166 ms (FindLiveObjects: 1,764534 ms CreateObjectMapping: 0,860907 ms MarkObjects: 17,753291 ms  DeleteObjects: 0,125840 ms)

AssetImportParameters requested are different than current active one (requested -> active):
  custom:video-decoder-ogg-theora: a1e56fd34408186e4bbccfd4996cb3dc -> 
  custom:container-muxer-webm: aa71ff27fc2769a1b78a27578f13a17b -> 
  custom:container-demuxer-webm: 4f35f7cbe854078d1ac9338744f61a02 -> 
  custom:container-demuxer-ogg: 62fdf1f143b41e24485cea50d1cbac27 -> 
  custom:video-encoder-webm-vp8: eb34c28f22e8b96e1ab97ce403110664 -> 
  custom:video-decoder-webm-vp8: 9c59270c3fd7afecdb556c50c9e8de78 -> 
  custom:audio-decoder-ogg-vorbis: bf7c407c2cedff20999df2af8eb42d56 -> 
  custom:audio-encoder-webm-vorbis: bf7c407c2cedff20999df2af8eb42d56 -> 
========================================================================
Received Prepare
Registering precompiled user dll's ...
Registered in 0,005861 seconds.
Begin MonoManager ReloadAssembly
Native extension for LinuxStandalone target not found
Native extension for WindowsStandalone target not found
Native extension for OSXStandalone target not found
Native extension for WebGL target not found
Refreshing native plugins compatible for Editor in 0,61 ms, found 0 plugins.
Preloading 0 native plugins for Editor in 0,00 ms.
Mono: successfully reloaded assembly
- Completed reload, in  3,053 seconds
Domain Reload Profiling:
	ReloadAssembly (3054ms)
		BeginReloadAssembly (285ms)
			ExecutionOrderSort (0ms)
			DisableScriptedObjects (13ms)
			BackupInstance (0ms)
			ReleaseScriptingObjects (0ms)
			CreateAndSetChildDomain (142ms)
		EndReloadAssembly (2555ms)
			LoadAssemblies (253ms)
			RebuildTransferFunctionScriptingTraits (0ms)
			SetupTypeCache (913ms)
			ReleaseScriptCaches (1ms)
			RebuildScriptCaches (106ms)
			SetupLoadedEditorAssemblies (927ms)
				LogAssemblyErrors (0ms)
				InitializePlatformSupportModulesInManaged (48ms)
				SetLoadedEditorAssemblies (1ms)
				RefreshPlugins (1ms)
				BeforeProcessingInitializeOnLoad (139ms)
				ProcessInitializeOnLoadAttributes (711ms)
				ProcessInitializeOnLoadMethodAttributes (12ms)
				AfterProcessingInitializeOnLoad (13ms)
				EditorAssembliesLoaded (1ms)
			ExecutionOrderSort2 (0ms)
			AwakeInstancesAfterBackupRestoration (26ms)
Platform modules already initialized, skipping
Refreshing native plugins compatible for Editor in 0,63 ms, found 0 plugins.
Preloading 0 native plugins for Editor in 0,00 ms.
Unloading 1459 Unused Serialized files (Serialized files now loaded: 0)
System memory in use before: 74,1 MB.
System memory in use after: 74,2 MB.

Unloading 11 unused Assets to reduce memory usage. Loaded Objects now: 1982.
Total: 10,052592 ms (FindLiveObjects: 0,339550 ms CreateObjectMapping: 0,173762 ms MarkObjects: 9,474254 ms  DeleteObjects: 0,062532 ms)

AssetImportParameters requested are different than current active one (requested -> active):
  custom:video-decoder-ogg-theora: a1e56fd34408186e4bbccfd4996cb3dc -> 
  custom:container-muxer-webm: aa71ff27fc2769a1b78a27578f13a17b -> 
  custom:container-demuxer-webm: 4f35f7cbe854078d1ac9338744f61a02 -> 
  custom:container-demuxer-ogg: 62fdf1f143b41e24485cea50d1cbac27 -> 
  custom:video-encoder-webm-vp8: eb34c28f22e8b96e1ab97ce403110664 -> 
  custom:video-decoder-webm-vp8: 9c59270c3fd7afecdb556c50c9e8de78 -> 
  custom:audio-decoder-ogg-vorbis: bf7c407c2cedff20999df2af8eb42d56 -> 
  custom:audio-encoder-webm-vorbis: bf7c407c2cedff20999df2af8eb42d56 -> 
AssetImportWorkerClient::OnTransportError - code=2 error=End of file
